[2026-07-08 09:50:21Z INFO HostContext] No proxy settings were found based on environmental variables (http_proxy/https_proxy/HTTP_PROXY/HTTPS_PROXY)
[2026-07-08 09:50:21Z INFO HostContext] Well known directory 'Bin': 'C:\Users\Hp\Desktop\pg-cicd-demo\actions-runner\bin'
[2026-07-08 09:50:21Z INFO HostContext] Well known directory 'Root': 'C:\Users\Hp\Desktop\pg-cicd-demo\actions-runner'
[2026-07-08 09:50:21Z INFO HostContext] Well known config file 'Credentials': 'C:\Users\Hp\Desktop\pg-cicd-demo\actions-runner\.credentials'
[2026-07-08 09:50:21Z INFO HostContext] Well known directory 'Bin': 'C:\Users\Hp\Desktop\pg-cicd-demo\actions-runner\bin'
[2026-07-08 09:50:21Z INFO HostContext] Well known directory 'Root': 'C:\Users\Hp\Desktop\pg-cicd-demo\actions-runner'
[2026-07-08 09:50:21Z INFO HostContext] Well known config file 'Runner': 'C:\Users\Hp\Desktop\pg-cicd-demo\actions-runner\.runner'
[2026-07-08 09:50:21Z INFO Listener] Runner is built for Windows (X64) - win-x64.
[2026-07-08 09:50:21Z INFO Listener] RuntimeInformation: Microsoft Windows 10.0.26200.
[2026-07-08 09:50:21Z INFO Listener] Version: 2.335.1
[2026-07-08 09:50:21Z INFO Listener] Commit: 7d737449ef346f6524f75688d0c9c95fa10ba10a
[2026-07-08 09:50:21Z INFO Listener] Culture: en-US
[2026-07-08 09:50:21Z INFO Listener] UI Culture: en-US
[2026-07-08 09:50:21Z INFO HostContext] Well known directory 'Bin': 'C:\Users\Hp\Desktop\pg-cicd-demo\actions-runner\bin'
[2026-07-08 09:50:21Z INFO HostContext] Well known directory 'Root': 'C:\Users\Hp\Desktop\pg-cicd-demo\actions-runner'
[2026-07-08 09:50:21Z INFO Listener] Validating directory permissions for: 'C:\Users\Hp\Desktop\pg-cicd-demo\actions-runner'
[2026-07-08 09:50:21Z INFO CommandLineParser] Parse
[2026-07-08 09:50:21Z INFO CommandLineParser] Parsing 1 args
[2026-07-08 09:50:21Z INFO CommandLineParser] parsing argument
[2026-07-08 09:50:21Z INFO CommandLineParser] HasArgs: False
[2026-07-08 09:50:21Z INFO CommandLineParser] Adding Command: run
[2026-07-08 09:50:21Z INFO Listener] Arguments parsed
[2026-07-08 09:50:21Z INFO Runner] ExecuteCommand
[2026-07-08 09:50:21Z INFO ConfigurationStore] currentAssemblyLocation: C:\Users\Hp\Desktop\pg-cicd-demo\actions-runner\bin\Runner.Listener.dll
[2026-07-08 09:50:21Z INFO HostContext] Well known directory 'Bin': 'C:\Users\Hp\Desktop\pg-cicd-demo\actions-runner\bin'
[2026-07-08 09:50:21Z INFO ConfigurationStore] binPath: C:\Users\Hp\Desktop\pg-cicd-demo\actions-runner\bin
[2026-07-08 09:50:21Z INFO HostContext] Well known directory 'Bin': 'C:\Users\Hp\Desktop\pg-cicd-demo\actions-runner\bin'
[2026-07-08 09:50:21Z INFO HostContext] Well known directory 'Root': 'C:\Users\Hp\Desktop\pg-cicd-demo\actions-runner'
[2026-07-08 09:50:21Z INFO ConfigurationStore] RootFolder: C:\Users\Hp\Desktop\pg-cicd-demo\actions-runner
[2026-07-08 09:50:21Z INFO HostContext] Well known directory 'Bin': 'C:\Users\Hp\Desktop\pg-cicd-demo\actions-runner\bin'
[2026-07-08 09:50:21Z INFO HostContext] Well known directory 'Root': 'C:\Users\Hp\Desktop\pg-cicd-demo\actions-runner'
[2026-07-08 09:50:21Z INFO HostContext] Well known config file 'Runner': 'C:\Users\Hp\Desktop\pg-cicd-demo\actions-runner\.runner'
[2026-07-08 09:50:21Z INFO ConfigurationStore] ConfigFilePath: C:\Users\Hp\Desktop\pg-cicd-demo\actions-runner\.runner
[2026-07-08 09:50:21Z INFO HostContext] Well known directory 'Bin': 'C:\Users\Hp\Desktop\pg-cicd-demo\actions-runner\bin'
[2026-07-08 09:50:21Z INFO HostContext] Well known directory 'Root': 'C:\Users\Hp\Desktop\pg-cicd-demo\actions-runner'
[2026-07-08 09:50:21Z INFO HostContext] Well known config file 'MigratedRunner': 'C:\Users\Hp\Desktop\pg-cicd-demo\actions-runner\.runner_migrated'
[2026-07-08 09:50:21Z INFO ConfigurationStore] MigratedConfigFilePath: C:\Users\Hp\Desktop\pg-cicd-demo\actions-runner\.runner_migrated
[2026-07-08 09:50:21Z INFO HostContext] Well known directory 'Bin': 'C:\Users\Hp\Desktop\pg-cicd-demo\actions-runner\bin'
[2026-07-08 09:50:21Z INFO HostContext] Well known directory 'Root': 'C:\Users\Hp\Desktop\pg-cicd-demo\actions-runner'
[2026-07-08 09:50:21Z INFO HostContext] Well known config file 'Credentials': 'C:\Users\Hp\Desktop\pg-cicd-demo\actions-runner\.credentials'
[2026-07-08 09:50:21Z INFO ConfigurationStore] CredFilePath: C:\Users\Hp\Desktop\pg-cicd-demo\actions-runner\.credentials
[2026-07-08 09:50:21Z INFO HostContext] Well known directory 'Bin': 'C:\Users\Hp\Desktop\pg-cicd-demo\actions-runner\bin'
[2026-07-08 09:50:21Z INFO HostContext] Well known directory 'Root': 'C:\Users\Hp\Desktop\pg-cicd-demo\actions-runner'
[2026-07-08 09:50:21Z INFO HostContext] Well known config file 'MigratedCredentials': 'C:\Users\Hp\Desktop\pg-cicd-demo\actions-runner\.credentials_migrated'
[2026-07-08 09:50:21Z INFO ConfigurationStore] MigratedCredFilePath: C:\Users\Hp\Desktop\pg-cicd-demo\actions-runner\.credentials_migrated
[2026-07-08 09:50:21Z INFO HostContext] Well known directory 'Bin': 'C:\Users\Hp\Desktop\pg-cicd-demo\actions-runner\bin'
[2026-07-08 09:50:21Z INFO HostContext] Well known directory 'Root': 'C:\Users\Hp\Desktop\pg-cicd-demo\actions-runner'
[2026-07-08 09:50:21Z INFO HostContext] Well known config file 'Service': 'C:\Users\Hp\Desktop\pg-cicd-demo\actions-runner\.service'
[2026-07-08 09:50:21Z INFO ConfigurationStore] ServiceConfigFilePath: C:\Users\Hp\Desktop\pg-cicd-demo\actions-runner\.service
[2026-07-08 09:50:21Z INFO CommandSettings] Flag 'help': 'False'
[2026-07-08 09:50:21Z INFO CommandSettings] Flag 'version': 'False'
[2026-07-08 09:50:21Z INFO CommandSettings] Flag 'commit': 'False'
[2026-07-08 09:50:21Z INFO CommandSettings] Flag 'check': 'False'
[2026-07-08 09:50:21Z INFO CommandSettings] Command 'configure': 'False'
[2026-07-08 09:50:21Z INFO CommandSettings] Command 'remove': 'False'
[2026-07-08 09:50:21Z INFO CommandSettings] Command 'warmup': 'False'
[2026-07-08 09:50:21Z INFO ConfigurationManager] LoadSettings
[2026-07-08 09:50:21Z INFO ConfigurationStore] IsConfigured()
[2026-07-08 09:50:21Z INFO ConfigurationStore] IsConfigured: True
[2026-07-08 09:50:21Z INFO ConfigurationManager] Is configured: True
[2026-07-08 09:50:21Z INFO ConfigurationStore] Read setting file: 400 chars
[2026-07-08 09:50:21Z INFO ConfigurationManager] Settings Loaded
[2026-07-08 09:50:21Z INFO ConfigurationStore] IsServiceConfigured()
[2026-07-08 09:50:21Z INFO ConfigurationStore] IsServiceConfigured: False
[2026-07-08 09:50:21Z INFO CommandSettings] Command 'run': 'True'
[2026-07-08 09:50:21Z INFO ConfigurationStore] IsConfigured()
[2026-07-08 09:50:21Z INFO ConfigurationStore] IsConfigured: True
[2026-07-08 09:50:21Z INFO ConfigurationManager] Is configured: True
[2026-07-08 09:50:21Z INFO Runner] Could not parse the argument value '' for StartupType. Defaulting to Manual
[2026-07-08 09:50:21Z INFO Runner] Set runner startup type - Manual
[2026-07-08 09:50:21Z INFO CommandSettings] Flag 'once': 'False'
[2026-07-08 09:50:21Z INFO CommandSettings] Flag 'once': 'False'
[2026-07-08 09:50:21Z INFO Runner] RunAsync
[2026-07-08 09:50:21Z INFO HostContext] Well known directory 'Bin': 'C:\Users\Hp\Desktop\pg-cicd-demo\actions-runner\bin'
[2026-07-08 09:50:21Z INFO HostContext] Well known directory 'Root': 'C:\Users\Hp\Desktop\pg-cicd-demo\actions-runner'
[2026-07-08 09:50:21Z INFO HostContext] Well known directory 'Work': 'C:\Users\Hp\Desktop\pg-cicd-demo\actions-runner\_work'
[2026-07-08 09:50:21Z INFO Runner] Validating directory permissions for: 'C:\Users\Hp\Desktop\pg-cicd-demo\actions-runner\_work'
[2026-07-08 09:50:21Z INFO ConfigurationManager] LoadMigratedSettings
[2026-07-08 09:50:21Z INFO ConfigurationStore] IsMigratedConfigured()
[2026-07-08 09:50:21Z INFO ConfigurationStore] IsMigratedConfigured: False
[2026-07-08 09:50:21Z INFO Runner] Failed to load migrated settings: No migrated configuration found.
[2026-07-08 09:50:21Z INFO Runner] Falling back to original .runner settings
[2026-07-08 09:50:21Z INFO Runner] Using BrokerMessageListener
[2026-07-08 09:50:21Z INFO BrokerMessageListener] Using provided settings
[2026-07-08 09:50:21Z INFO BrokerMessageListener] {
  "AgentId": 2,
  "AgentName": "ABDUL-MOIZ1",
  "PoolId": 1,
  "PoolName": "Default",
  "ServerUrl": "https://pipelinesghubeus3.actions.githubusercontent.com/hxJ9QfIen5tTZSfxiVG6TkHa5gmXHtbO9ZrAZNjLIbDt9PuVaH/",
  "GitHubUrl": "https://github.com/abdulmoiz9963/pg-cicd-demo",
  "WorkFolder": "_work",
  "UseV2Flow": true,
  "ServerUrlV2": "https://broker.actions.githubusercontent.com/"
}
[2026-07-08 09:50:21Z INFO BrokerMessageListener] Loading Credentials
[2026-07-08 09:50:21Z INFO ConfigurationStore] HasCredentials()
[2026-07-08 09:50:21Z INFO ConfigurationStore] stored True
[2026-07-08 09:50:21Z INFO CredentialManager] GetCredentialProvider
[2026-07-08 09:50:21Z INFO CredentialManager] Creating type OAuth
[2026-07-08 09:50:21Z INFO CredentialManager] Creating credential type: OAuth
[2026-07-08 09:50:21Z INFO HostContext] Well known directory 'Bin': 'C:\Users\Hp\Desktop\pg-cicd-demo\actions-runner\bin'
[2026-07-08 09:50:21Z INFO HostContext] Well known directory 'Root': 'C:\Users\Hp\Desktop\pg-cicd-demo\actions-runner'
[2026-07-08 09:50:21Z INFO HostContext] Well known config file 'RSACredentials': 'C:\Users\Hp\Desktop\pg-cicd-demo\actions-runner\.credentials_rsaparams'
[2026-07-08 09:50:21Z INFO RSAEncryptedFileKeyManager] Loading RSA key parameters from file C:\Users\Hp\Desktop\pg-cicd-demo\actions-runner\.credentials_rsaparams
[2026-07-08 09:50:21Z INFO BrokerMessageListener] Attempt to create session.
[2026-07-08 09:50:21Z INFO BrokerMessageListener] Connecting to the Broker Server...
[2026-07-08 09:50:21Z INFO ConfigurationStore] HasCredentials()
[2026-07-08 09:50:21Z INFO ConfigurationStore] stored True
[2026-07-08 09:50:21Z INFO CredentialManager] GetCredentialProvider
[2026-07-08 09:50:21Z INFO CredentialManager] Creating type OAuth
[2026-07-08 09:50:21Z INFO CredentialManager] Creating credential type: OAuth
[2026-07-08 09:50:21Z INFO RSAEncryptedFileKeyManager] Loading RSA key parameters from file C:\Users\Hp\Desktop\pg-cicd-demo\actions-runner\.credentials_rsaparams
[2026-07-08 09:50:21Z INFO BrokerMessageListener] VssConnection created
[2026-07-08 09:50:21Z INFO BrokerMessageListener] Connecting to the Runner server...
[2026-07-08 09:50:21Z INFO RunnerServer] EstablishVssConnection
[2026-07-08 09:50:21Z INFO RunnerServer] Establish connection with 100 seconds timeout.
[2026-07-08 09:50:22Z INFO GitHubActionsService] Starting operation Location.GetConnectionData
[2026-07-08 09:50:22Z INFO RunnerServer] EstablishVssConnection
[2026-07-08 09:50:22Z INFO RunnerServer] Establish connection with 60 seconds timeout.
[2026-07-08 09:50:22Z INFO GitHubActionsService] Starting operation Location.GetConnectionData
[2026-07-08 09:50:22Z INFO RunnerServer] EstablishVssConnection
[2026-07-08 09:50:22Z INFO RunnerServer] Establish connection with 60 seconds timeout.
[2026-07-08 09:50:22Z INFO GitHubActionsService] Starting operation Location.GetConnectionData
[2026-07-08 09:50:23Z INFO GitHubActionsService] Finished operation Location.GetConnectionData
[2026-07-08 09:50:23Z INFO GitHubActionsService] Finished operation Location.GetConnectionData
[2026-07-08 09:50:23Z INFO GitHubActionsService] Finished operation Location.GetConnectionData
[2026-07-08 09:50:23Z INFO BrokerMessageListener] VssConnection created
[2026-07-08 09:50:23Z INFO Terminal] WRITE LINE: 
[2026-07-08 09:50:23Z INFO Terminal] WRITE LINE: 
[2026-07-08 09:50:23Z INFO RSAEncryptedFileKeyManager] Loading RSA key parameters from file C:\Users\Hp\Desktop\pg-cicd-demo\actions-runner\.credentials_rsaparams
[2026-07-08 09:50:23Z INFO RSAEncryptedFileKeyManager] Loading RSA key parameters from file C:\Users\Hp\Desktop\pg-cicd-demo\actions-runner\.credentials_rsaparams
[2026-07-08 09:50:24Z INFO GitHubActionsService] AAD Correlation ID for this token request: Unknown
[2026-07-08 09:50:25Z INFO BrokerMessageListener] Session created.
[2026-07-08 09:50:25Z INFO Terminal] WRITE LINE: Current runner version: '2.335.1'
[2026-07-08 09:50:25Z INFO Terminal] WRITE LINE: 2026-07-08 09:50:25Z: Listening for Jobs
[2026-07-08 09:50:25Z INFO JobDispatcher] Set runner/worker IPC timeout to 30 seconds.
[2026-07-08 09:50:34Z INFO BrokerMessageListener] Acknowledging runner request '89af18a3-9a28-5c38-a48a-c9b577cc8ace'.
[2026-07-08 09:50:34Z INFO ConfigurationStore] HasCredentials()
[2026-07-08 09:50:34Z INFO ConfigurationStore] stored True
[2026-07-08 09:50:34Z INFO CredentialManager] GetCredentialProvider
[2026-07-08 09:50:34Z INFO CredentialManager] Creating type OAuth
[2026-07-08 09:50:34Z INFO CredentialManager] Creating credential type: OAuth
[2026-07-08 09:50:34Z INFO RSAEncryptedFileKeyManager] Loading RSA key parameters from file C:\Users\Hp\Desktop\pg-cicd-demo\actions-runner\.credentials_rsaparams
[2026-07-08 09:50:34Z INFO RSAEncryptedFileKeyManager] Loading RSA key parameters from file C:\Users\Hp\Desktop\pg-cicd-demo\actions-runner\.credentials_rsaparams
[2026-07-08 09:50:34Z INFO RSAEncryptedFileKeyManager] Loading RSA key parameters from file C:\Users\Hp\Desktop\pg-cicd-demo\actions-runner\.credentials_rsaparams
[2026-07-08 09:50:35Z INFO GitHubActionsService] AAD Correlation ID for this token request: Unknown
[2026-07-08 09:50:37Z INFO JobDispatcher] Job request 0 for plan 85c345ae-b3a7-4ed4-8e4f-38a1caf89774 job 89af18a3-9a28-5c38-a48a-c9b577cc8ace received.
[2026-07-08 09:50:37Z INFO JobDispatcher] Pull OrchestrationId 85c345ae-b3a7-4ed4-8e4f-38a1caf89774.deploy-db.__default from JWT claims
[2026-07-08 09:50:37Z INFO BrokerMessageListener] Received job status event. JobState: Busy
[2026-07-08 09:50:37Z INFO BrokerMessageListener] _getMessagesTokenSource is already disposed.
[2026-07-08 09:50:37Z INFO Terminal] WRITE LINE: 2026-07-08 09:50:37Z: Running job: deploy-db
[2026-07-08 09:50:37Z INFO JobDispatcher] Start renew job request 0 for job 89af18a3-9a28-5c38-a48a-c9b577cc8ace.
[2026-07-08 09:50:38Z INFO JobDispatcher] Successfully renew job 89af18a3-9a28-5c38-a48a-c9b577cc8ace, job is valid till 7/8/2026 10:00:38 AM
[2026-07-08 09:50:38Z INFO HostContext] Well known directory 'Bin': 'C:\Users\Hp\Desktop\pg-cicd-demo\actions-runner\bin'
[2026-07-08 09:50:38Z INFO ProcessInvokerWrapper] Starting process:
[2026-07-08 09:50:38Z INFO ProcessInvokerWrapper]   File name: 'C:\Users\Hp\Desktop\pg-cicd-demo\actions-runner\bin\Runner.Worker.exe'
[2026-07-08 09:50:38Z INFO ProcessInvokerWrapper]   Arguments: 'spawnclient 2280 2296'
[2026-07-08 09:50:38Z INFO ProcessInvokerWrapper]   Working directory: 'C:\Users\Hp\Desktop\pg-cicd-demo\actions-runner\bin'
[2026-07-08 09:50:38Z INFO ProcessInvokerWrapper]   Require exit code zero: 'False'
[2026-07-08 09:50:38Z INFO ProcessInvokerWrapper]   Encoding web name:  ; code page: ''
[2026-07-08 09:50:38Z INFO ProcessInvokerWrapper]   Force kill process on cancellation: 'True'
[2026-07-08 09:50:38Z INFO ProcessInvokerWrapper]   Redirected STDIN: 'False'
[2026-07-08 09:50:38Z INFO ProcessInvokerWrapper]   Persist current code page: 'False'
[2026-07-08 09:50:38Z INFO ProcessInvokerWrapper]   Keep redirected STDIN open: 'False'
[2026-07-08 09:50:38Z INFO ProcessInvokerWrapper]   High priority process: 'True'
[2026-07-08 09:50:38Z INFO ProcessInvokerWrapper] Process started with process id 30692, waiting for process exit.
[2026-07-08 09:50:38Z INFO JobDispatcher] Send job request message to worker for job 89af18a3-9a28-5c38-a48a-c9b577cc8ace.
[2026-07-08 09:50:38Z INFO ProcessChannel] Sending message of length 23401, with hash 'b2ec5a102b60fce839ecf60eb0c3b8be7f4028b289ba1d9135040b5e3a704bc3'
[2026-07-08 09:50:38Z INFO JobNotification] Entering JobStarted Notification
[2026-07-08 09:50:38Z INFO JobNotification] Entering StartMonitor
[2026-07-08 09:51:06Z INFO ProcessInvokerWrapper] STDOUT/STDERR stream read finished.
[2026-07-08 09:51:06Z INFO ProcessInvokerWrapper] STDOUT/STDERR stream read finished.
[2026-07-08 09:51:06Z INFO ProcessInvokerWrapper] Finished process 30692 with exit code 102, and elapsed time 00:00:27.6699884.
[2026-07-08 09:51:06Z INFO JobDispatcher] Worker finished for job 89af18a3-9a28-5c38-a48a-c9b577cc8ace. Code: 102
[2026-07-08 09:51:06Z INFO JobDispatcher] finish job request for job 89af18a3-9a28-5c38-a48a-c9b577cc8ace with result: Failed
[2026-07-08 09:51:06Z INFO Terminal] WRITE LINE: 2026-07-08 09:51:06Z: Job deploy-db completed with result: Failed
[2026-07-08 09:51:06Z INFO JobDispatcher] Stop renew job request for job 89af18a3-9a28-5c38-a48a-c9b577cc8ace.
[2026-07-08 09:51:06Z INFO JobDispatcher] job renew has been cancelled, stop renew job 89af18a3-9a28-5c38-a48a-c9b577cc8ace.
[2026-07-08 09:51:06Z INFO JobNotification] Entering JobCompleted Notification
[2026-07-08 09:51:06Z INFO JobNotification] Entering EndMonitor
[2026-07-08 09:51:06Z INFO BrokerMessageListener] Received job status event. JobState: Online
[2026-07-08 09:51:06Z WARN GitHubActionsService] GET request to https://broker.actions.githubusercontent.com/message?sessionId=fd0ecac5-6bc3-45ef-a5a7-9743a6df43e8&status=Busy&runnerVersion=2.335.1&os=Windows&architecture=X64&disableUpdate=false has been cancelled.
[2026-07-08 09:51:06Z ERR  BrokerServer] Catch exception during request
[2026-07-08 09:51:06Z ERR  BrokerServer] System.Threading.Tasks.TaskCanceledException: The operation was canceled.
 ---> System.Threading.Tasks.TaskCanceledException: The operation was canceled.
 ---> System.IO.IOException: Unable to read data from the transport connection: The I/O operation has been aborted because of either a thread exit or an application request..
 ---> System.Net.Sockets.SocketException (995): The I/O operation has been aborted because of either a thread exit or an application request.
   --- End of inner exception stack trace ---
   at System.Net.Sockets.Socket.AwaitableSocketAsyncEventArgs.ThrowException(SocketError error, CancellationToken cancellationToken)
   at System.Net.Sockets.Socket.AwaitableSocketAsyncEventArgs.System.Threading.Tasks.Sources.IValueTaskSource<System.Int32>.GetResult(Int16 token)
   at System.Net.Security.SslStream.EnsureFullTlsFrameAsync[TIOAdapter](CancellationToken cancellationToken, Int32 estimatedSize)
   at System.Runtime.CompilerServices.PoolingAsyncValueTaskMethodBuilder`1.StateMachineBox`1.System.Threading.Tasks.Sources.IValueTaskSource<TResult>.GetResult(Int16 token)
   at System.Net.Security.SslStream.ReadAsyncInternal[TIOAdapter](Memory`1 buffer, CancellationToken cancellationToken)
   at System.Runtime.CompilerServices.PoolingAsyncValueTaskMethodBuilder`1.StateMachineBox`1.System.Threading.Tasks.Sources.IValueTaskSource<TResult>.GetResult(Int16 token)
   at System.Net.Http.HttpConnection.SendAsync(HttpRequestMessage request, Boolean async, CancellationToken cancellationToken)
   --- End of inner exception stack trace ---
   at System.Net.Http.HttpConnection.SendAsync(HttpRequestMessage request, Boolean async, CancellationToken cancellationToken)
   at System.Net.Http.AuthenticationHelper.SendWithNtAuthAsync(HttpRequestMessage request, Uri authUri, Boolean async, ICredentials credentials, Boolean isProxyAuth, HttpConnection connection, HttpConnectionPool connectionPool, CancellationToken cancellationToken)
   at System.Net.Http.HttpConnectionPool.SendWithVersionDetectionAndRetryAsync(HttpRequestMessage request, Boolean async, Boolean doRequestAuth, CancellationToken cancellationToken)
   at System.Net.Http.AuthenticationHelper.SendWithAuthAsync(HttpRequestMessage request, Uri authUri, Boolean async, ICredentials credentials, Boolean preAuthenticate, Boolean isProxyAuth, Boolean doRequestAuth, HttpConnectionPool pool, CancellationToken cancellationToken)
   at System.Net.Http.RedirectHandler.SendAsync(HttpRequestMessage request, Boolean async, CancellationToken cancellationToken)
   at GitHub.Services.Common.RawHttpMessageHandler.SendAsync(HttpRequestMessage request, CancellationToken cancellationToken)
   at GitHub.Services.Common.VssHttpRetryMessageHandler.SendAsync(HttpRequestMessage request, CancellationToken cancellationToken)
   at System.Net.Http.HttpClient.<SendAsync>g__Core|83_0(HttpRequestMessage request, HttpCompletionOption completionOption, CancellationTokenSource cts, Boolean disposeCts, CancellationTokenSource pendingRequestsCts, CancellationToken originalCancellationToken)
   --- End of inner exception stack trace ---
   at System.Net.Http.HttpClient.HandleFailure(Exception e, Boolean telemetryStarted, HttpResponseMessage response, CancellationTokenSource cts, CancellationToken cancellationToken, CancellationTokenSource pendingRequestsCts)
   at System.Net.Http.HttpClient.<SendAsync>g__Core|83_0(HttpRequestMessage request, HttpCompletionOption completionOption, CancellationTokenSource cts, Boolean disposeCts, CancellationTokenSource pendingRequestsCts, CancellationToken originalCancellationToken)
   at Sdk.WebApi.WebApi.RawHttpClientBase.SendAsync(HttpRequestMessage message, HttpCompletionOption completionOption, Object userState, CancellationToken cancellationToken)
   at Sdk.WebApi.WebApi.RawHttpClientBase.SendAsync[T](HttpRequestMessage message, Boolean readErrorBody, Object userState, CancellationToken cancellationToken)
   at Sdk.WebApi.WebApi.RawHttpClientBase.SendAsync[T](HttpMethod method, IEnumerable`1 additionalHeaders, Uri requestUri, HttpContent content, IEnumerable`1 queryParameters, Boolean readErrorBody, Object userState, CancellationToken cancellationToken)
   at GitHub.Actions.RunService.WebApi.BrokerHttpClient.GetRunnerMessageAsync(Nullable`1 sessionId, String runnerVersion, Nullable`1 status, String os, String architecture, Nullable`1 disableUpdate, CancellationToken cancellationToken)
   at GitHub.Runner.Common.BrokerServer.<>c__DisplayClass7_0.<<GetRunnerMessageAsync>b__0>d.MoveNext()
--- End of stack trace from previous location ---
   at GitHub.Runner.Common.RunnerService.RetryRequest[T](Func`1 func, CancellationToken cancellationToken, Int32 maxAttempts, Func`2 shouldRetry)
[2026-07-08 09:51:06Z ERR  BrokerServer] #####################################################
[2026-07-08 09:51:06Z ERR  BrokerServer] System.Threading.Tasks.TaskCanceledException: The operation was canceled.
 ---> System.IO.IOException: Unable to read data from the transport connection: The I/O operation has been aborted because of either a thread exit or an application request..
 ---> System.Net.Sockets.SocketException (995): The I/O operation has been aborted because of either a thread exit or an application request.
   --- End of inner exception stack trace ---
   at System.Net.Sockets.Socket.AwaitableSocketAsyncEventArgs.ThrowException(SocketError error, CancellationToken cancellationToken)
   at System.Net.Sockets.Socket.AwaitableSocketAsyncEventArgs.System.Threading.Tasks.Sources.IValueTaskSource<System.Int32>.GetResult(Int16 token)
   at System.Net.Security.SslStream.EnsureFullTlsFrameAsync[TIOAdapter](CancellationToken cancellationToken, Int32 estimatedSize)
   at System.Runtime.CompilerServices.PoolingAsyncValueTaskMethodBuilder`1.StateMachineBox`1.System.Threading.Tasks.Sources.IValueTaskSource<TResult>.GetResult(Int16 token)
   at System.Net.Security.SslStream.ReadAsyncInternal[TIOAdapter](Memory`1 buffer, CancellationToken cancellationToken)
   at System.Runtime.CompilerServices.PoolingAsyncValueTaskMethodBuilder`1.StateMachineBox`1.System.Threading.Tasks.Sources.IValueTaskSource<TResult>.GetResult(Int16 token)
   at System.Net.Http.HttpConnection.SendAsync(HttpRequestMessage request, Boolean async, CancellationToken cancellationToken)
   --- End of inner exception stack trace ---
   at System.Net.Http.HttpConnection.SendAsync(HttpRequestMessage request, Boolean async, CancellationToken cancellationToken)
   at System.Net.Http.AuthenticationHelper.SendWithNtAuthAsync(HttpRequestMessage request, Uri authUri, Boolean async, ICredentials credentials, Boolean isProxyAuth, HttpConnection connection, HttpConnectionPool connectionPool, CancellationToken cancellationToken)
   at System.Net.Http.HttpConnectionPool.SendWithVersionDetectionAndRetryAsync(HttpRequestMessage request, Boolean async, Boolean doRequestAuth, CancellationToken cancellationToken)
   at System.Net.Http.AuthenticationHelper.SendWithAuthAsync(HttpRequestMessage request, Uri authUri, Boolean async, ICredentials credentials, Boolean preAuthenticate, Boolean isProxyAuth, Boolean doRequestAuth, HttpConnectionPool pool, CancellationToken cancellationToken)
   at System.Net.Http.RedirectHandler.SendAsync(HttpRequestMessage request, Boolean async, CancellationToken cancellationToken)
   at GitHub.Services.Common.RawHttpMessageHandler.SendAsync(HttpRequestMessage request, CancellationToken cancellationToken)
   at GitHub.Services.Common.VssHttpRetryMessageHandler.SendAsync(HttpRequestMessage request, CancellationToken cancellationToken)
   at System.Net.Http.HttpClient.<SendAsync>g__Core|83_0(HttpRequestMessage request, HttpCompletionOption completionOption, CancellationTokenSource cts, Boolean disposeCts, CancellationTokenSource pendingRequestsCts, CancellationToken originalCancellationToken)
[2026-07-08 09:51:06Z ERR  BrokerServer] #####################################################
[2026-07-08 09:51:06Z ERR  BrokerServer] System.IO.IOException: Unable to read data from the transport connection: The I/O operation has been aborted because of either a thread exit or an application request..
 ---> System.Net.Sockets.SocketException (995): The I/O operation has been aborted because of either a thread exit or an application request.
   --- End of inner exception stack trace ---
   at System.Net.Sockets.Socket.AwaitableSocketAsyncEventArgs.ThrowException(SocketError error, CancellationToken cancellationToken)
   at System.Net.Sockets.Socket.AwaitableSocketAsyncEventArgs.System.Threading.Tasks.Sources.IValueTaskSource<System.Int32>.GetResult(Int16 token)
   at System.Net.Security.SslStream.EnsureFullTlsFrameAsync[TIOAdapter](CancellationToken cancellationToken, Int32 estimatedSize)
   at System.Runtime.CompilerServices.PoolingAsyncValueTaskMethodBuilder`1.StateMachineBox`1.System.Threading.Tasks.Sources.IValueTaskSource<TResult>.GetResult(Int16 token)
   at System.Net.Security.SslStream.ReadAsyncInternal[TIOAdapter](Memory`1 buffer, CancellationToken cancellationToken)
   at System.Runtime.CompilerServices.PoolingAsyncValueTaskMethodBuilder`1.StateMachineBox`1.System.Threading.Tasks.Sources.IValueTaskSource<TResult>.GetResult(Int16 token)
   at System.Net.Http.HttpConnection.SendAsync(HttpRequestMessage request, Boolean async, CancellationToken cancellationToken)
[2026-07-08 09:51:06Z ERR  BrokerServer] #####################################################
[2026-07-08 09:51:06Z ERR  BrokerServer] System.Net.Sockets.SocketException (995): The I/O operation has been aborted because of either a thread exit or an application request.
[2026-07-08 09:51:06Z WARN BrokerServer] Back off 5.224 seconds before next retry. 4 attempt left.
[2026-07-08 09:51:06Z INFO BrokerMessageListener] Get messages has been cancelled using local token source. Continue to get messages with new status.
[2026-07-08 09:53:38Z WARN GitHubActionsService] GET request to https://broker.actions.githubusercontent.com/message?sessionId=fd0ecac5-6bc3-45ef-a5a7-9743a6df43e8&status=Online&runnerVersion=2.335.1&os=Windows&architecture=X64&disableUpdate=false timed out after 100 seconds.
[2026-07-08 09:53:38Z ERR  BrokerServer] Catch exception during request
[2026-07-08 09:53:38Z ERR  BrokerServer] System.TimeoutException: The HTTP request timed out after 00:01:40.
 ---> System.Threading.Tasks.TaskCanceledException: The operation was canceled.
 ---> System.IO.IOException: Unable to read data from the transport connection: The I/O operation has been aborted because of either a thread exit or an application request..
 ---> System.Net.Sockets.SocketException (995): The I/O operation has been aborted because of either a thread exit or an application request.
   --- End of inner exception stack trace ---
   at System.Net.Sockets.Socket.AwaitableSocketAsyncEventArgs.ThrowException(SocketError error, CancellationToken cancellationToken)
   at System.Net.Sockets.Socket.AwaitableSocketAsyncEventArgs.System.Threading.Tasks.Sources.IValueTaskSource<System.Int32>.GetResult(Int16 token)
   at System.Net.Security.SslStream.EnsureFullTlsFrameAsync[TIOAdapter](CancellationToken cancellationToken, Int32 estimatedSize)
   at System.Runtime.CompilerServices.PoolingAsyncValueTaskMethodBuilder`1.StateMachineBox`1.System.Threading.Tasks.Sources.IValueTaskSource<TResult>.GetResult(Int16 token)
   at System.Net.Security.SslStream.ReadAsyncInternal[TIOAdapter](Memory`1 buffer, CancellationToken cancellationToken)
   at System.Runtime.CompilerServices.PoolingAsyncValueTaskMethodBuilder`1.StateMachineBox`1.System.Threading.Tasks.Sources.IValueTaskSource<TResult>.GetResult(Int16 token)
   at System.Net.Http.HttpConnection.SendAsync(HttpRequestMessage request, Boolean async, CancellationToken cancellationToken)
   --- End of inner exception stack trace ---
   at System.Net.Http.HttpConnection.SendAsync(HttpRequestMessage request, Boolean async, CancellationToken cancellationToken)
   at System.Net.Http.AuthenticationHelper.SendWithNtAuthAsync(HttpRequestMessage request, Uri authUri, Boolean async, ICredentials credentials, Boolean isProxyAuth, HttpConnection connection, HttpConnectionPool connectionPool, CancellationToken cancellationToken)
   at System.Net.Http.HttpConnectionPool.SendWithVersionDetectionAndRetryAsync(HttpRequestMessage request, Boolean async, Boolean doRequestAuth, CancellationToken cancellationToken)
   at System.Net.Http.AuthenticationHelper.SendWithAuthAsync(HttpRequestMessage request, Uri authUri, Boolean async, ICredentials credentials, Boolean preAuthenticate, Boolean isProxyAuth, Boolean doRequestAuth, HttpConnectionPool pool, CancellationToken cancellationToken)
   at System.Net.Http.RedirectHandler.SendAsync(HttpRequestMessage request, Boolean async, CancellationToken cancellationToken)
   at GitHub.Services.Common.RawHttpMessageHandler.SendAsync(HttpRequestMessage request, CancellationToken cancellationToken)
   --- End of inner exception stack trace ---
   at GitHub.Services.Common.RawHttpMessageHandler.SendAsync(HttpRequestMessage request, CancellationToken cancellationToken)
   at GitHub.Services.Common.VssHttpRetryMessageHandler.SendAsync(HttpRequestMessage request, CancellationToken cancellationToken)
   at System.Net.Http.HttpClient.<SendAsync>g__Core|83_0(HttpRequestMessage request, HttpCompletionOption completionOption, CancellationTokenSource cts, Boolean disposeCts, CancellationTokenSource pendingRequestsCts, CancellationToken originalCancellationToken)
   at Sdk.WebApi.WebApi.RawHttpClientBase.SendAsync(HttpRequestMessage message, HttpCompletionOption completionOption, Object userState, CancellationToken cancellationToken)
   at Sdk.WebApi.WebApi.RawHttpClientBase.SendAsync[T](HttpRequestMessage message, Boolean readErrorBody, Object userState, CancellationToken cancellationToken)
   at Sdk.WebApi.WebApi.RawHttpClientBase.SendAsync[T](HttpMethod method, IEnumerable`1 additionalHeaders, Uri requestUri, HttpContent content, IEnumerable`1 queryParameters, Boolean readErrorBody, Object userState, CancellationToken cancellationToken)
   at GitHub.Actions.RunService.WebApi.BrokerHttpClient.GetRunnerMessageAsync(Nullable`1 sessionId, String runnerVersion, Nullable`1 status, String os, String architecture, Nullable`1 disableUpdate, CancellationToken cancellationToken)
   at GitHub.Runner.Common.BrokerServer.<>c__DisplayClass7_0.<<GetRunnerMessageAsync>b__0>d.MoveNext()
--- End of stack trace from previous location ---
   at GitHub.Runner.Common.RunnerService.RetryRequest[T](Func`1 func, CancellationToken cancellationToken, Int32 maxAttempts, Func`2 shouldRetry)
[2026-07-08 09:53:38Z ERR  BrokerServer] #####################################################
[2026-07-08 09:53:38Z ERR  BrokerServer] System.Threading.Tasks.TaskCanceledException: The operation was canceled.
 ---> System.IO.IOException: Unable to read data from the transport connection: The I/O operation has been aborted because of either a thread exit or an application request..
 ---> System.Net.Sockets.SocketException (995): The I/O operation has been aborted because of either a thread exit or an application request.
   --- End of inner exception stack trace ---
   at System.Net.Sockets.Socket.AwaitableSocketAsyncEventArgs.ThrowException(SocketError error, CancellationToken cancellationToken)
   at System.Net.Sockets.Socket.AwaitableSocketAsyncEventArgs.System.Threading.Tasks.Sources.IValueTaskSource<System.Int32>.GetResult(Int16 token)
   at System.Net.Security.SslStream.EnsureFullTlsFrameAsync[TIOAdapter](CancellationToken cancellationToken, Int32 estimatedSize)
   at System.Runtime.CompilerServices.PoolingAsyncValueTaskMethodBuilder`1.StateMachineBox`1.System.Threading.Tasks.Sources.IValueTaskSource<TResult>.GetResult(Int16 token)
   at System.Net.Security.SslStream.ReadAsyncInternal[TIOAdapter](Memory`1 buffer, CancellationToken cancellationToken)
   at System.Runtime.CompilerServices.PoolingAsyncValueTaskMethodBuilder`1.StateMachineBox`1.System.Threading.Tasks.Sources.IValueTaskSource<TResult>.GetResult(Int16 token)
   at System.Net.Http.HttpConnection.SendAsync(HttpRequestMessage request, Boolean async, CancellationToken cancellationToken)
   --- End of inner exception stack trace ---
   at System.Net.Http.HttpConnection.SendAsync(HttpRequestMessage request, Boolean async, CancellationToken cancellationToken)
   at System.Net.Http.AuthenticationHelper.SendWithNtAuthAsync(HttpRequestMessage request, Uri authUri, Boolean async, ICredentials credentials, Boolean isProxyAuth, HttpConnection connection, HttpConnectionPool connectionPool, CancellationToken cancellationToken)
   at System.Net.Http.HttpConnectionPool.SendWithVersionDetectionAndRetryAsync(HttpRequestMessage request, Boolean async, Boolean doRequestAuth, CancellationToken cancellationToken)
   at System.Net.Http.AuthenticationHelper.SendWithAuthAsync(HttpRequestMessage request, Uri authUri, Boolean async, ICredentials credentials, Boolean preAuthenticate, Boolean isProxyAuth, Boolean doRequestAuth, HttpConnectionPool pool, CancellationToken cancellationToken)
   at System.Net.Http.RedirectHandler.SendAsync(HttpRequestMessage request, Boolean async, CancellationToken cancellationToken)
   at GitHub.Services.Common.RawHttpMessageHandler.SendAsync(HttpRequestMessage request, CancellationToken cancellationToken)
[2026-07-08 09:53:38Z ERR  BrokerServer] #####################################################
[2026-07-08 09:53:38Z ERR  BrokerServer] System.IO.IOException: Unable to read data from the transport connection: The I/O operation has been aborted because of either a thread exit or an application request..
 ---> System.Net.Sockets.SocketException (995): The I/O operation has been aborted because of either a thread exit or an application request.
   --- End of inner exception stack trace ---
   at System.Net.Sockets.Socket.AwaitableSocketAsyncEventArgs.ThrowException(SocketError error, CancellationToken cancellationToken)
   at System.Net.Sockets.Socket.AwaitableSocketAsyncEventArgs.System.Threading.Tasks.Sources.IValueTaskSource<System.Int32>.GetResult(Int16 token)
   at System.Net.Security.SslStream.EnsureFullTlsFrameAsync[TIOAdapter](CancellationToken cancellationToken, Int32 estimatedSize)
   at System.Runtime.CompilerServices.PoolingAsyncValueTaskMethodBuilder`1.StateMachineBox`1.System.Threading.Tasks.Sources.IValueTaskSource<TResult>.GetResult(Int16 token)
   at System.Net.Security.SslStream.ReadAsyncInternal[TIOAdapter](Memory`1 buffer, CancellationToken cancellationToken)
   at System.Runtime.CompilerServices.PoolingAsyncValueTaskMethodBuilder`1.StateMachineBox`1.System.Threading.Tasks.Sources.IValueTaskSource<TResult>.GetResult(Int16 token)
   at System.Net.Http.HttpConnection.SendAsync(HttpRequestMessage request, Boolean async, CancellationToken cancellationToken)
[2026-07-08 09:53:38Z ERR  BrokerServer] #####################################################
[2026-07-08 09:53:38Z ERR  BrokerServer] System.Net.Sockets.SocketException (995): The I/O operation has been aborted because of either a thread exit or an application request.
[2026-07-08 09:53:38Z WARN BrokerServer] Back off 9.791 seconds before next retry. 4 attempt left.
[2026-07-08 09:57:20Z INFO BrokerMessageListener] Acknowledging runner request '507c362c-3d81-5baa-8da0-011d08ee2c0e'.
[2026-07-08 09:57:20Z INFO ConfigurationStore] HasCredentials()
[2026-07-08 09:57:20Z INFO ConfigurationStore] stored True
[2026-07-08 09:57:20Z INFO CredentialManager] GetCredentialProvider
[2026-07-08 09:57:20Z INFO CredentialManager] Creating type OAuth
[2026-07-08 09:57:20Z INFO CredentialManager] Creating credential type: OAuth
[2026-07-08 09:57:20Z INFO RSAEncryptedFileKeyManager] Loading RSA key parameters from file C:\Users\Hp\Desktop\pg-cicd-demo\actions-runner\.credentials_rsaparams
[2026-07-08 09:57:20Z INFO RSAEncryptedFileKeyManager] Loading RSA key parameters from file C:\Users\Hp\Desktop\pg-cicd-demo\actions-runner\.credentials_rsaparams
[2026-07-08 09:57:20Z INFO RSAEncryptedFileKeyManager] Loading RSA key parameters from file C:\Users\Hp\Desktop\pg-cicd-demo\actions-runner\.credentials_rsaparams
[2026-07-08 09:57:21Z INFO GitHubActionsService] AAD Correlation ID for this token request: Unknown
[2026-07-08 09:57:23Z INFO JobDispatcher] Job request 0 for plan 10d606e3-18fb-4e07-bba7-1f443211192c job 507c362c-3d81-5baa-8da0-011d08ee2c0e received.
[2026-07-08 09:57:23Z INFO JobDispatcher] Pull OrchestrationId 10d606e3-18fb-4e07-bba7-1f443211192c.deploy-db.__default from JWT claims
[2026-07-08 09:57:23Z INFO BrokerMessageListener] Received job status event. JobState: Busy
[2026-07-08 09:57:23Z INFO BrokerMessageListener] _getMessagesTokenSource is already disposed.
[2026-07-08 09:57:23Z INFO JobDispatcher] Job request 89af18a3-9a28-5c38-a48a-c9b577cc8ace processed succeed.
[2026-07-08 09:57:23Z INFO Terminal] WRITE LINE: 2026-07-08 09:57:23Z: Running job: deploy-db
[2026-07-08 09:57:23Z INFO JobDispatcher] Start renew job request 0 for job 507c362c-3d81-5baa-8da0-011d08ee2c0e.
[2026-07-08 09:57:24Z INFO JobDispatcher] Successfully renew job 507c362c-3d81-5baa-8da0-011d08ee2c0e, job is valid till 7/8/2026 10:07:24 AM
[2026-07-08 09:57:24Z INFO HostContext] Well known directory 'Bin': 'C:\Users\Hp\Desktop\pg-cicd-demo\actions-runner\bin'
[2026-07-08 09:57:24Z INFO ProcessInvokerWrapper] Starting process:
[2026-07-08 09:57:24Z INFO ProcessInvokerWrapper]   File name: 'C:\Users\Hp\Desktop\pg-cicd-demo\actions-runner\bin\Runner.Worker.exe'
[2026-07-08 09:57:24Z INFO ProcessInvokerWrapper]   Arguments: 'spawnclient 1660 1020'
[2026-07-08 09:57:24Z INFO ProcessInvokerWrapper]   Working directory: 'C:\Users\Hp\Desktop\pg-cicd-demo\actions-runner\bin'
[2026-07-08 09:57:24Z INFO ProcessInvokerWrapper]   Require exit code zero: 'False'
[2026-07-08 09:57:24Z INFO ProcessInvokerWrapper]   Encoding web name:  ; code page: ''
[2026-07-08 09:57:24Z INFO ProcessInvokerWrapper]   Force kill process on cancellation: 'True'
[2026-07-08 09:57:24Z INFO ProcessInvokerWrapper]   Redirected STDIN: 'False'
[2026-07-08 09:57:24Z INFO ProcessInvokerWrapper]   Persist current code page: 'False'
[2026-07-08 09:57:24Z INFO ProcessInvokerWrapper]   Keep redirected STDIN open: 'False'
[2026-07-08 09:57:24Z INFO ProcessInvokerWrapper]   High priority process: 'True'
[2026-07-08 09:57:24Z INFO ProcessInvokerWrapper] Process started with process id 22428, waiting for process exit.
[2026-07-08 09:57:24Z INFO JobDispatcher] Send job request message to worker for job 507c362c-3d81-5baa-8da0-011d08ee2c0e.
[2026-07-08 09:57:24Z INFO ProcessChannel] Sending message of length 23641, with hash '93de1db5373911aa37b183888d4b5ffefb45c3829bedc74ce604d38360e2ad88'
[2026-07-08 09:57:25Z INFO JobNotification] Entering JobStarted Notification
[2026-07-08 09:57:25Z INFO JobNotification] Entering StartMonitor
[2026-07-08 09:57:56Z INFO ProcessInvokerWrapper] STDOUT/STDERR stream read finished.
[2026-07-08 09:57:56Z INFO ProcessInvokerWrapper] STDOUT/STDERR stream read finished.
[2026-07-08 09:57:56Z INFO ProcessInvokerWrapper] Finished process 22428 with exit code 100, and elapsed time 00:00:31.6821886.
[2026-07-08 09:57:56Z INFO JobDispatcher] Worker finished for job 507c362c-3d81-5baa-8da0-011d08ee2c0e. Code: 100
[2026-07-08 09:57:56Z INFO JobDispatcher] finish job request for job 507c362c-3d81-5baa-8da0-011d08ee2c0e with result: Succeeded
[2026-07-08 09:57:56Z INFO Terminal] WRITE LINE: 2026-07-08 09:57:56Z: Job deploy-db completed with result: Succeeded
[2026-07-08 09:57:56Z INFO JobDispatcher] Stop renew job request for job 507c362c-3d81-5baa-8da0-011d08ee2c0e.
[2026-07-08 09:57:56Z INFO JobDispatcher] job renew has been cancelled, stop renew job 507c362c-3d81-5baa-8da0-011d08ee2c0e.
[2026-07-08 09:57:56Z INFO JobNotification] Entering JobCompleted Notification
[2026-07-08 09:57:56Z INFO JobNotification] Entering EndMonitor
[2026-07-08 09:57:56Z INFO BrokerMessageListener] Received job status event. JobState: Online
[2026-07-08 09:57:56Z WARN GitHubActionsService] GET request to https://broker.actions.githubusercontent.com/message?sessionId=fd0ecac5-6bc3-45ef-a5a7-9743a6df43e8&status=Busy&runnerVersion=2.335.1&os=Windows&architecture=X64&disableUpdate=false has been cancelled.
[2026-07-08 09:57:56Z ERR  BrokerServer] Catch exception during request
[2026-07-08 09:57:56Z ERR  BrokerServer] System.Threading.Tasks.TaskCanceledException: The operation was canceled.
 ---> System.Threading.Tasks.TaskCanceledException: The operation was canceled.
 ---> System.IO.IOException: Unable to read data from the transport connection: The I/O operation has been aborted because of either a thread exit or an application request..
 ---> System.Net.Sockets.SocketException (995): The I/O operation has been aborted because of either a thread exit or an application request.
   --- End of inner exception stack trace ---
   at System.Net.Sockets.Socket.AwaitableSocketAsyncEventArgs.ThrowException(SocketError error, CancellationToken cancellationToken)
   at System.Net.Sockets.Socket.AwaitableSocketAsyncEventArgs.System.Threading.Tasks.Sources.IValueTaskSource<System.Int32>.GetResult(Int16 token)
   at System.Net.Security.SslStream.EnsureFullTlsFrameAsync[TIOAdapter](CancellationToken cancellationToken, Int32 estimatedSize)
   at System.Runtime.CompilerServices.PoolingAsyncValueTaskMethodBuilder`1.StateMachineBox`1.System.Threading.Tasks.Sources.IValueTaskSource<TResult>.GetResult(Int16 token)
   at System.Net.Security.SslStream.ReadAsyncInternal[TIOAdapter](Memory`1 buffer, CancellationToken cancellationToken)
   at System.Runtime.CompilerServices.PoolingAsyncValueTaskMethodBuilder`1.StateMachineBox`1.System.Threading.Tasks.Sources.IValueTaskSource<TResult>.GetResult(Int16 token)
   at System.Net.Http.HttpConnection.SendAsync(HttpRequestMessage request, Boolean async, CancellationToken cancellationToken)
   --- End of inner exception stack trace ---
   at System.Net.Http.HttpConnection.SendAsync(HttpRequestMessage request, Boolean async, CancellationToken cancellationToken)
   at System.Net.Http.AuthenticationHelper.SendWithNtAuthAsync(HttpRequestMessage request, Uri authUri, Boolean async, ICredentials credentials, Boolean isProxyAuth, HttpConnection connection, HttpConnectionPool connectionPool, CancellationToken cancellationToken)
   at System.Net.Http.HttpConnectionPool.SendWithVersionDetectionAndRetryAsync(HttpRequestMessage request, Boolean async, Boolean doRequestAuth, CancellationToken cancellationToken)
   at System.Net.Http.AuthenticationHelper.SendWithAuthAsync(HttpRequestMessage request, Uri authUri, Boolean async, ICredentials credentials, Boolean preAuthenticate, Boolean isProxyAuth, Boolean doRequestAuth, HttpConnectionPool pool, CancellationToken cancellationToken)
   at System.Net.Http.RedirectHandler.SendAsync(HttpRequestMessage request, Boolean async, CancellationToken cancellationToken)
   at GitHub.Services.Common.RawHttpMessageHandler.SendAsync(HttpRequestMessage request, CancellationToken cancellationToken)
   at GitHub.Services.Common.VssHttpRetryMessageHandler.SendAsync(HttpRequestMessage request, CancellationToken cancellationToken)
   at System.Net.Http.HttpClient.<SendAsync>g__Core|83_0(HttpRequestMessage request, HttpCompletionOption completionOption, CancellationTokenSource cts, Boolean disposeCts, CancellationTokenSource pendingRequestsCts, CancellationToken originalCancellationToken)
   --- End of inner exception stack trace ---
   at System.Net.Http.HttpClient.HandleFailure(Exception e, Boolean telemetryStarted, HttpResponseMessage response, CancellationTokenSource cts, CancellationToken cancellationToken, CancellationTokenSource pendingRequestsCts)
   at System.Net.Http.HttpClient.<SendAsync>g__Core|83_0(HttpRequestMessage request, HttpCompletionOption completionOption, CancellationTokenSource cts, Boolean disposeCts, CancellationTokenSource pendingRequestsCts, CancellationToken originalCancellationToken)
   at Sdk.WebApi.WebApi.RawHttpClientBase.SendAsync(HttpRequestMessage message, HttpCompletionOption completionOption, Object userState, CancellationToken cancellationToken)
   at Sdk.WebApi.WebApi.RawHttpClientBase.SendAsync[T](HttpRequestMessage message, Boolean readErrorBody, Object userState, CancellationToken cancellationToken)
   at Sdk.WebApi.WebApi.RawHttpClientBase.SendAsync[T](HttpMethod method, IEnumerable`1 additionalHeaders, Uri requestUri, HttpContent content, IEnumerable`1 queryParameters, Boolean readErrorBody, Object userState, CancellationToken cancellationToken)
   at GitHub.Actions.RunService.WebApi.BrokerHttpClient.GetRunnerMessageAsync(Nullable`1 sessionId, String runnerVersion, Nullable`1 status, String os, String architecture, Nullable`1 disableUpdate, CancellationToken cancellationToken)
   at GitHub.Runner.Common.BrokerServer.<>c__DisplayClass7_0.<<GetRunnerMessageAsync>b__0>d.MoveNext()
--- End of stack trace from previous location ---
   at GitHub.Runner.Common.RunnerService.RetryRequest[T](Func`1 func, CancellationToken cancellationToken, Int32 maxAttempts, Func`2 shouldRetry)
[2026-07-08 09:57:56Z ERR  BrokerServer] #####################################################
[2026-07-08 09:57:56Z ERR  BrokerServer] System.Threading.Tasks.TaskCanceledException: The operation was canceled.
 ---> System.IO.IOException: Unable to read data from the transport connection: The I/O operation has been aborted because of either a thread exit or an application request..
 ---> System.Net.Sockets.SocketException (995): The I/O operation has been aborted because of either a thread exit or an application request.
   --- End of inner exception stack trace ---
   at System.Net.Sockets.Socket.AwaitableSocketAsyncEventArgs.ThrowException(SocketError error, CancellationToken cancellationToken)
   at System.Net.Sockets.Socket.AwaitableSocketAsyncEventArgs.System.Threading.Tasks.Sources.IValueTaskSource<System.Int32>.GetResult(Int16 token)
   at System.Net.Security.SslStream.EnsureFullTlsFrameAsync[TIOAdapter](CancellationToken cancellationToken, Int32 estimatedSize)
   at System.Runtime.CompilerServices.PoolingAsyncValueTaskMethodBuilder`1.StateMachineBox`1.System.Threading.Tasks.Sources.IValueTaskSource<TResult>.GetResult(Int16 token)
   at System.Net.Security.SslStream.ReadAsyncInternal[TIOAdapter](Memory`1 buffer, CancellationToken cancellationToken)
   at System.Runtime.CompilerServices.PoolingAsyncValueTaskMethodBuilder`1.StateMachineBox`1.System.Threading.Tasks.Sources.IValueTaskSource<TResult>.GetResult(Int16 token)
   at System.Net.Http.HttpConnection.SendAsync(HttpRequestMessage request, Boolean async, CancellationToken cancellationToken)
   --- End of inner exception stack trace ---
   at System.Net.Http.HttpConnection.SendAsync(HttpRequestMessage request, Boolean async, CancellationToken cancellationToken)
   at System.Net.Http.AuthenticationHelper.SendWithNtAuthAsync(HttpRequestMessage request, Uri authUri, Boolean async, ICredentials credentials, Boolean isProxyAuth, HttpConnection connection, HttpConnectionPool connectionPool, CancellationToken cancellationToken)
   at System.Net.Http.HttpConnectionPool.SendWithVersionDetectionAndRetryAsync(HttpRequestMessage request, Boolean async, Boolean doRequestAuth, CancellationToken cancellationToken)
   at System.Net.Http.AuthenticationHelper.SendWithAuthAsync(HttpRequestMessage request, Uri authUri, Boolean async, ICredentials credentials, Boolean preAuthenticate, Boolean isProxyAuth, Boolean doRequestAuth, HttpConnectionPool pool, CancellationToken cancellationToken)
   at System.Net.Http.RedirectHandler.SendAsync(HttpRequestMessage request, Boolean async, CancellationToken cancellationToken)
   at GitHub.Services.Common.RawHttpMessageHandler.SendAsync(HttpRequestMessage request, CancellationToken cancellationToken)
   at GitHub.Services.Common.VssHttpRetryMessageHandler.SendAsync(HttpRequestMessage request, CancellationToken cancellationToken)
   at System.Net.Http.HttpClient.<SendAsync>g__Core|83_0(HttpRequestMessage request, HttpCompletionOption completionOption, CancellationTokenSource cts, Boolean disposeCts, CancellationTokenSource pendingRequestsCts, CancellationToken originalCancellationToken)
[2026-07-08 09:57:56Z ERR  BrokerServer] #####################################################
[2026-07-08 09:57:56Z ERR  BrokerServer] System.IO.IOException: Unable to read data from the transport connection: The I/O operation has been aborted because of either a thread exit or an application request..
 ---> System.Net.Sockets.SocketException (995): The I/O operation has been aborted because of either a thread exit or an application request.
   --- End of inner exception stack trace ---
   at System.Net.Sockets.Socket.AwaitableSocketAsyncEventArgs.ThrowException(SocketError error, CancellationToken cancellationToken)
   at System.Net.Sockets.Socket.AwaitableSocketAsyncEventArgs.System.Threading.Tasks.Sources.IValueTaskSource<System.Int32>.GetResult(Int16 token)
   at System.Net.Security.SslStream.EnsureFullTlsFrameAsync[TIOAdapter](CancellationToken cancellationToken, Int32 estimatedSize)
   at System.Runtime.CompilerServices.PoolingAsyncValueTaskMethodBuilder`1.StateMachineBox`1.System.Threading.Tasks.Sources.IValueTaskSource<TResult>.GetResult(Int16 token)
   at System.Net.Security.SslStream.ReadAsyncInternal[TIOAdapter](Memory`1 buffer, CancellationToken cancellationToken)
   at System.Runtime.CompilerServices.PoolingAsyncValueTaskMethodBuilder`1.StateMachineBox`1.System.Threading.Tasks.Sources.IValueTaskSource<TResult>.GetResult(Int16 token)
   at System.Net.Http.HttpConnection.SendAsync(HttpRequestMessage request, Boolean async, CancellationToken cancellationToken)
[2026-07-08 09:57:56Z ERR  BrokerServer] #####################################################
[2026-07-08 09:57:56Z ERR  BrokerServer] System.Net.Sockets.SocketException (995): The I/O operation has been aborted because of either a thread exit or an application request.
[2026-07-08 09:57:56Z WARN BrokerServer] Back off 13.784 seconds before next retry. 4 attempt left.
[2026-07-08 09:57:56Z INFO BrokerMessageListener] Get messages has been cancelled using local token source. Continue to get messages with new status.
[2026-07-08 10:00:23Z INFO BrokerMessageListener] Acknowledging runner request '453de308-b8a2-55bb-bb7f-5703a18ad761'.
[2026-07-08 10:00:23Z INFO ConfigurationStore] HasCredentials()
[2026-07-08 10:00:23Z INFO ConfigurationStore] stored True
[2026-07-08 10:00:23Z INFO CredentialManager] GetCredentialProvider
[2026-07-08 10:00:23Z INFO CredentialManager] Creating type OAuth
[2026-07-08 10:00:23Z INFO CredentialManager] Creating credential type: OAuth
[2026-07-08 10:00:23Z INFO RSAEncryptedFileKeyManager] Loading RSA key parameters from file C:\Users\Hp\Desktop\pg-cicd-demo\actions-runner\.credentials_rsaparams
[2026-07-08 10:00:23Z INFO RSAEncryptedFileKeyManager] Loading RSA key parameters from file C:\Users\Hp\Desktop\pg-cicd-demo\actions-runner\.credentials_rsaparams
[2026-07-08 10:00:23Z INFO RSAEncryptedFileKeyManager] Loading RSA key parameters from file C:\Users\Hp\Desktop\pg-cicd-demo\actions-runner\.credentials_rsaparams
[2026-07-08 10:00:24Z INFO GitHubActionsService] AAD Correlation ID for this token request: Unknown
[2026-07-08 10:00:26Z INFO JobDispatcher] Job request 0 for plan e8b11933-ba19-40d4-ae2f-7a0f9eb7c260 job 453de308-b8a2-55bb-bb7f-5703a18ad761 received.
[2026-07-08 10:00:26Z INFO JobDispatcher] Pull OrchestrationId e8b11933-ba19-40d4-ae2f-7a0f9eb7c260.deploy-db.__default from JWT claims
[2026-07-08 10:00:26Z INFO BrokerMessageListener] Received job status event. JobState: Busy
[2026-07-08 10:00:26Z INFO BrokerMessageListener] _getMessagesTokenSource is already disposed.
[2026-07-08 10:00:26Z INFO JobDispatcher] Job request 507c362c-3d81-5baa-8da0-011d08ee2c0e processed succeed.
[2026-07-08 10:00:26Z INFO Terminal] WRITE LINE: 2026-07-08 10:00:26Z: Running job: deploy-db
[2026-07-08 10:00:26Z INFO JobDispatcher] Start renew job request 0 for job 453de308-b8a2-55bb-bb7f-5703a18ad761.
[2026-07-08 10:00:27Z INFO JobDispatcher] Successfully renew job 453de308-b8a2-55bb-bb7f-5703a18ad761, job is valid till 7/8/2026 10:10:27 AM
[2026-07-08 10:00:27Z INFO HostContext] Well known directory 'Bin': 'C:\Users\Hp\Desktop\pg-cicd-demo\actions-runner\bin'
[2026-07-08 10:00:27Z INFO ProcessInvokerWrapper] Starting process:
[2026-07-08 10:00:27Z INFO ProcessInvokerWrapper]   File name: 'C:\Users\Hp\Desktop\pg-cicd-demo\actions-runner\bin\Runner.Worker.exe'
[2026-07-08 10:00:27Z INFO ProcessInvokerWrapper]   Arguments: 'spawnclient 1572 600'
[2026-07-08 10:00:27Z INFO ProcessInvokerWrapper]   Working directory: 'C:\Users\Hp\Desktop\pg-cicd-demo\actions-runner\bin'
[2026-07-08 10:00:27Z INFO ProcessInvokerWrapper]   Require exit code zero: 'False'
[2026-07-08 10:00:27Z INFO ProcessInvokerWrapper]   Encoding web name:  ; code page: ''
[2026-07-08 10:00:27Z INFO ProcessInvokerWrapper]   Force kill process on cancellation: 'True'
[2026-07-08 10:00:27Z INFO ProcessInvokerWrapper]   Redirected STDIN: 'False'
[2026-07-08 10:00:27Z INFO ProcessInvokerWrapper]   Persist current code page: 'False'
[2026-07-08 10:00:27Z INFO ProcessInvokerWrapper]   Keep redirected STDIN open: 'False'
[2026-07-08 10:00:27Z INFO ProcessInvokerWrapper]   High priority process: 'True'
[2026-07-08 10:00:27Z INFO ProcessInvokerWrapper] Process started with process id 7504, waiting for process exit.
[2026-07-08 10:00:27Z INFO JobDispatcher] Send job request message to worker for job 453de308-b8a2-55bb-bb7f-5703a18ad761.
[2026-07-08 10:00:27Z INFO ProcessChannel] Sending message of length 23639, with hash '31c7fd73f90148722c5ad10f688361a880111fc1fac7b26937d8efd20126bac4'
[2026-07-08 10:00:28Z INFO JobNotification] Entering JobStarted Notification
[2026-07-08 10:00:28Z INFO JobNotification] Entering StartMonitor
[2026-07-08 10:01:01Z INFO ProcessInvokerWrapper] STDOUT/STDERR stream read finished.
[2026-07-08 10:01:01Z INFO ProcessInvokerWrapper] STDOUT/STDERR stream read finished.
[2026-07-08 10:01:01Z INFO ProcessInvokerWrapper] Finished process 7504 with exit code 100, and elapsed time 00:00:34.1606845.
[2026-07-08 10:01:01Z INFO JobDispatcher] Worker finished for job 453de308-b8a2-55bb-bb7f-5703a18ad761. Code: 100
[2026-07-08 10:01:01Z INFO JobDispatcher] finish job request for job 453de308-b8a2-55bb-bb7f-5703a18ad761 with result: Succeeded
[2026-07-08 10:01:01Z INFO Terminal] WRITE LINE: 2026-07-08 10:01:01Z: Job deploy-db completed with result: Succeeded
[2026-07-08 10:01:01Z INFO JobDispatcher] Stop renew job request for job 453de308-b8a2-55bb-bb7f-5703a18ad761.
[2026-07-08 10:01:01Z INFO JobDispatcher] job renew has been cancelled, stop renew job 453de308-b8a2-55bb-bb7f-5703a18ad761.
[2026-07-08 10:01:01Z INFO JobNotification] Entering JobCompleted Notification
[2026-07-08 10:01:01Z INFO JobNotification] Entering EndMonitor
[2026-07-08 10:01:01Z INFO BrokerMessageListener] Received job status event. JobState: Online
[2026-07-08 10:01:01Z WARN GitHubActionsService] GET request to https://broker.actions.githubusercontent.com/message?sessionId=fd0ecac5-6bc3-45ef-a5a7-9743a6df43e8&status=Busy&runnerVersion=2.335.1&os=Windows&architecture=X64&disableUpdate=false has been cancelled.
[2026-07-08 10:01:01Z ERR  BrokerServer] Catch exception during request
[2026-07-08 10:01:01Z ERR  BrokerServer] System.Threading.Tasks.TaskCanceledException: The operation was canceled.
 ---> System.Threading.Tasks.TaskCanceledException: The operation was canceled.
 ---> System.IO.IOException: Unable to read data from the transport connection: The I/O operation has been aborted because of either a thread exit or an application request..
 ---> System.Net.Sockets.SocketException (995): The I/O operation has been aborted because of either a thread exit or an application request.
   --- End of inner exception stack trace ---
   at System.Net.Sockets.Socket.AwaitableSocketAsyncEventArgs.System.Threading.Tasks.Sources.IValueTaskSource<System.Int32>.GetResult(Int16 token)
   at System.Net.Security.SslStream.EnsureFullTlsFrameAsync[TIOAdapter](CancellationToken cancellationToken, Int32 estimatedSize)
   at System.Runtime.CompilerServices.PoolingAsyncValueTaskMethodBuilder`1.StateMachineBox`1.System.Threading.Tasks.Sources.IValueTaskSource<TResult>.GetResult(Int16 token)
   at System.Net.Security.SslStream.ReadAsyncInternal[TIOAdapter](Memory`1 buffer, CancellationToken cancellationToken)
   at System.Runtime.CompilerServices.PoolingAsyncValueTaskMethodBuilder`1.StateMachineBox`1.System.Threading.Tasks.Sources.IValueTaskSource<TResult>.GetResult(Int16 token)
   at System.Net.Http.HttpConnection.SendAsync(HttpRequestMessage request, Boolean async, CancellationToken cancellationToken)
   --- End of inner exception stack trace ---
   at System.Net.Http.HttpConnection.SendAsync(HttpRequestMessage request, Boolean async, CancellationToken cancellationToken)
   at System.Net.Http.AuthenticationHelper.SendWithNtAuthAsync(HttpRequestMessage request, Uri authUri, Boolean async, ICredentials credentials, Boolean isProxyAuth, HttpConnection connection, HttpConnectionPool connectionPool, CancellationToken cancellationToken)
   at System.Net.Http.HttpConnectionPool.SendWithVersionDetectionAndRetryAsync(HttpRequestMessage request, Boolean async, Boolean doRequestAuth, CancellationToken cancellationToken)
   at System.Net.Http.AuthenticationHelper.SendWithAuthAsync(HttpRequestMessage request, Uri authUri, Boolean async, ICredentials credentials, Boolean preAuthenticate, Boolean isProxyAuth, Boolean doRequestAuth, HttpConnectionPool pool, CancellationToken cancellationToken)
   at System.Net.Http.RedirectHandler.SendAsync(HttpRequestMessage request, Boolean async, CancellationToken cancellationToken)
   at GitHub.Services.Common.RawHttpMessageHandler.SendAsync(HttpRequestMessage request, CancellationToken cancellationToken)
   at GitHub.Services.Common.VssHttpRetryMessageHandler.SendAsync(HttpRequestMessage request, CancellationToken cancellationToken)
   at System.Net.Http.HttpClient.<SendAsync>g__Core|83_0(HttpRequestMessage request, HttpCompletionOption completionOption, CancellationTokenSource cts, Boolean disposeCts, CancellationTokenSource pendingRequestsCts, CancellationToken originalCancellationToken)
   --- End of inner exception stack trace ---
   at System.Net.Http.HttpClient.HandleFailure(Exception e, Boolean telemetryStarted, HttpResponseMessage response, CancellationTokenSource cts, CancellationToken cancellationToken, CancellationTokenSource pendingRequestsCts)
   at System.Net.Http.HttpClient.<SendAsync>g__Core|83_0(HttpRequestMessage request, HttpCompletionOption completionOption, CancellationTokenSource cts, Boolean disposeCts, CancellationTokenSource pendingRequestsCts, CancellationToken originalCancellationToken)
   at Sdk.WebApi.WebApi.RawHttpClientBase.SendAsync(HttpRequestMessage message, HttpCompletionOption completionOption, Object userState, CancellationToken cancellationToken)
   at Sdk.WebApi.WebApi.RawHttpClientBase.SendAsync[T](HttpRequestMessage message, Boolean readErrorBody, Object userState, CancellationToken cancellationToken)
   at Sdk.WebApi.WebApi.RawHttpClientBase.SendAsync[T](HttpMethod method, IEnumerable`1 additionalHeaders, Uri requestUri, HttpContent content, IEnumerable`1 queryParameters, Boolean readErrorBody, Object userState, CancellationToken cancellationToken)
   at GitHub.Actions.RunService.WebApi.BrokerHttpClient.GetRunnerMessageAsync(Nullable`1 sessionId, String runnerVersion, Nullable`1 status, String os, String architecture, Nullable`1 disableUpdate, CancellationToken cancellationToken)
   at GitHub.Runner.Common.BrokerServer.<>c__DisplayClass7_0.<<GetRunnerMessageAsync>b__0>d.MoveNext()
--- End of stack trace from previous location ---
   at GitHub.Runner.Common.RunnerService.RetryRequest[T](Func`1 func, CancellationToken cancellationToken, Int32 maxAttempts, Func`2 shouldRetry)
[2026-07-08 10:01:01Z ERR  BrokerServer] #####################################################
[2026-07-08 10:01:01Z ERR  BrokerServer] System.Threading.Tasks.TaskCanceledException: The operation was canceled.
 ---> System.IO.IOException: Unable to read data from the transport connection: The I/O operation has been aborted because of either a thread exit or an application request..
 ---> System.Net.Sockets.SocketException (995): The I/O operation has been aborted because of either a thread exit or an application request.
   --- End of inner exception stack trace ---
   at System.Net.Sockets.Socket.AwaitableSocketAsyncEventArgs.System.Threading.Tasks.Sources.IValueTaskSource<System.Int32>.GetResult(Int16 token)
   at System.Net.Security.SslStream.EnsureFullTlsFrameAsync[TIOAdapter](CancellationToken cancellationToken, Int32 estimatedSize)
   at System.Runtime.CompilerServices.PoolingAsyncValueTaskMethodBuilder`1.StateMachineBox`1.System.Threading.Tasks.Sources.IValueTaskSource<TResult>.GetResult(Int16 token)
   at System.Net.Security.SslStream.ReadAsyncInternal[TIOAdapter](Memory`1 buffer, CancellationToken cancellationToken)
   at System.Runtime.CompilerServices.PoolingAsyncValueTaskMethodBuilder`1.StateMachineBox`1.System.Threading.Tasks.Sources.IValueTaskSource<TResult>.GetResult(Int16 token)
   at System.Net.Http.HttpConnection.SendAsync(HttpRequestMessage request, Boolean async, CancellationToken cancellationToken)
   --- End of inner exception stack trace ---
   at System.Net.Http.HttpConnection.SendAsync(HttpRequestMessage request, Boolean async, CancellationToken cancellationToken)
   at System.Net.Http.AuthenticationHelper.SendWithNtAuthAsync(HttpRequestMessage request, Uri authUri, Boolean async, ICredentials credentials, Boolean isProxyAuth, HttpConnection connection, HttpConnectionPool connectionPool, CancellationToken cancellationToken)
   at System.Net.Http.HttpConnectionPool.SendWithVersionDetectionAndRetryAsync(HttpRequestMessage request, Boolean async, Boolean doRequestAuth, CancellationToken cancellationToken)
   at System.Net.Http.AuthenticationHelper.SendWithAuthAsync(HttpRequestMessage request, Uri authUri, Boolean async, ICredentials credentials, Boolean preAuthenticate, Boolean isProxyAuth, Boolean doRequestAuth, HttpConnectionPool pool, CancellationToken cancellationToken)
   at System.Net.Http.RedirectHandler.SendAsync(HttpRequestMessage request, Boolean async, CancellationToken cancellationToken)
   at GitHub.Services.Common.RawHttpMessageHandler.SendAsync(HttpRequestMessage request, CancellationToken cancellationToken)
   at GitHub.Services.Common.VssHttpRetryMessageHandler.SendAsync(HttpRequestMessage request, CancellationToken cancellationToken)
   at System.Net.Http.HttpClient.<SendAsync>g__Core|83_0(HttpRequestMessage request, HttpCompletionOption completionOption, CancellationTokenSource cts, Boolean disposeCts, CancellationTokenSource pendingRequestsCts, CancellationToken originalCancellationToken)
[2026-07-08 10:01:01Z ERR  BrokerServer] #####################################################
[2026-07-08 10:01:01Z ERR  BrokerServer] System.IO.IOException: Unable to read data from the transport connection: The I/O operation has been aborted because of either a thread exit or an application request..
 ---> System.Net.Sockets.SocketException (995): The I/O operation has been aborted because of either a thread exit or an application request.
   --- End of inner exception stack trace ---
   at System.Net.Sockets.Socket.AwaitableSocketAsyncEventArgs.System.Threading.Tasks.Sources.IValueTaskSource<System.Int32>.GetResult(Int16 token)
   at System.Net.Security.SslStream.EnsureFullTlsFrameAsync[TIOAdapter](CancellationToken cancellationToken, Int32 estimatedSize)
   at System.Runtime.CompilerServices.PoolingAsyncValueTaskMethodBuilder`1.StateMachineBox`1.System.Threading.Tasks.Sources.IValueTaskSource<TResult>.GetResult(Int16 token)
   at System.Net.Security.SslStream.ReadAsyncInternal[TIOAdapter](Memory`1 buffer, CancellationToken cancellationToken)
   at System.Runtime.CompilerServices.PoolingAsyncValueTaskMethodBuilder`1.StateMachineBox`1.System.Threading.Tasks.Sources.IValueTaskSource<TResult>.GetResult(Int16 token)
   at System.Net.Http.HttpConnection.SendAsync(HttpRequestMessage request, Boolean async, CancellationToken cancellationToken)
[2026-07-08 10:01:01Z ERR  BrokerServer] #####################################################
[2026-07-08 10:01:01Z ERR  BrokerServer] System.Net.Sockets.SocketException (995): The I/O operation has been aborted because of either a thread exit or an application request.
[2026-07-08 10:01:01Z WARN BrokerServer] Back off 7.082 seconds before next retry. 4 attempt left.
[2026-07-08 10:01:01Z INFO BrokerMessageListener] Get messages has been cancelled using local token source. Continue to get messages with new status.
[2026-07-08 10:02:41Z WARN GitHubActionsService] GET request to https://broker.actions.githubusercontent.com/message?sessionId=fd0ecac5-6bc3-45ef-a5a7-9743a6df43e8&status=Online&runnerVersion=2.335.1&os=Windows&architecture=X64&disableUpdate=false timed out after 100 seconds.
[2026-07-08 10:02:41Z ERR  BrokerServer] Catch exception during request
[2026-07-08 10:02:41Z ERR  BrokerServer] System.TimeoutException: The HTTP request timed out after 00:01:40.
 ---> System.Threading.Tasks.TaskCanceledException: The operation was canceled.
 ---> System.IO.IOException: Unable to read data from the transport connection: The I/O operation has been aborted because of either a thread exit or an application request..
 ---> System.Net.Sockets.SocketException (995): The I/O operation has been aborted because of either a thread exit or an application request.
   --- End of inner exception stack trace ---
   at System.Net.Sockets.Socket.AwaitableSocketAsyncEventArgs.System.Threading.Tasks.Sources.IValueTaskSource<System.Int32>.GetResult(Int16 token)
   at System.Net.Security.SslStream.EnsureFullTlsFrameAsync[TIOAdapter](CancellationToken cancellationToken, Int32 estimatedSize)
   at System.Runtime.CompilerServices.PoolingAsyncValueTaskMethodBuilder`1.StateMachineBox`1.System.Threading.Tasks.Sources.IValueTaskSource<TResult>.GetResult(Int16 token)
   at System.Net.Security.SslStream.ReadAsyncInternal[TIOAdapter](Memory`1 buffer, CancellationToken cancellationToken)
   at System.Runtime.CompilerServices.PoolingAsyncValueTaskMethodBuilder`1.StateMachineBox`1.System.Threading.Tasks.Sources.IValueTaskSource<TResult>.GetResult(Int16 token)
   at System.Net.Http.HttpConnection.InitialFillAsync(Boolean async)
   at System.Net.Http.HttpConnection.SendAsync(HttpRequestMessage request, Boolean async, CancellationToken cancellationToken)
   --- End of inner exception stack trace ---
   at System.Net.Http.HttpConnection.SendAsync(HttpRequestMessage request, Boolean async, CancellationToken cancellationToken)
   at System.Net.Http.AuthenticationHelper.SendWithNtAuthAsync(HttpRequestMessage request, Uri authUri, Boolean async, ICredentials credentials, Boolean isProxyAuth, HttpConnection connection, HttpConnectionPool connectionPool, CancellationToken cancellationToken)
   at System.Net.Http.HttpConnectionPool.SendWithVersionDetectionAndRetryAsync(HttpRequestMessage request, Boolean async, Boolean doRequestAuth, CancellationToken cancellationToken)
   at System.Net.Http.AuthenticationHelper.SendWithAuthAsync(HttpRequestMessage request, Uri authUri, Boolean async, ICredentials credentials, Boolean preAuthenticate, Boolean isProxyAuth, Boolean doRequestAuth, HttpConnectionPool pool, CancellationToken cancellationToken)
   at System.Net.Http.RedirectHandler.SendAsync(HttpRequestMessage request, Boolean async, CancellationToken cancellationToken)
   at GitHub.Services.Common.RawHttpMessageHandler.SendAsync(HttpRequestMessage request, CancellationToken cancellationToken)
   --- End of inner exception stack trace ---
   at GitHub.Services.Common.RawHttpMessageHandler.SendAsync(HttpRequestMessage request, CancellationToken cancellationToken)
   at GitHub.Services.Common.VssHttpRetryMessageHandler.SendAsync(HttpRequestMessage request, CancellationToken cancellationToken)
   at System.Net.Http.HttpClient.<SendAsync>g__Core|83_0(HttpRequestMessage request, HttpCompletionOption completionOption, CancellationTokenSource cts, Boolean disposeCts, CancellationTokenSource pendingRequestsCts, CancellationToken originalCancellationToken)
   at Sdk.WebApi.WebApi.RawHttpClientBase.SendAsync(HttpRequestMessage message, HttpCompletionOption completionOption, Object userState, CancellationToken cancellationToken)
   at Sdk.WebApi.WebApi.RawHttpClientBase.SendAsync[T](HttpRequestMessage message, Boolean readErrorBody, Object userState, CancellationToken cancellationToken)
   at Sdk.WebApi.WebApi.RawHttpClientBase.SendAsync[T](HttpMethod method, IEnumerable`1 additionalHeaders, Uri requestUri, HttpContent content, IEnumerable`1 queryParameters, Boolean readErrorBody, Object userState, CancellationToken cancellationToken)
   at GitHub.Actions.RunService.WebApi.BrokerHttpClient.GetRunnerMessageAsync(Nullable`1 sessionId, String runnerVersion, Nullable`1 status, String os, String architecture, Nullable`1 disableUpdate, CancellationToken cancellationToken)
   at GitHub.Runner.Common.BrokerServer.<>c__DisplayClass7_0.<<GetRunnerMessageAsync>b__0>d.MoveNext()
--- End of stack trace from previous location ---
   at GitHub.Runner.Common.RunnerService.RetryRequest[T](Func`1 func, CancellationToken cancellationToken, Int32 maxAttempts, Func`2 shouldRetry)
[2026-07-08 10:02:41Z ERR  BrokerServer] #####################################################
[2026-07-08 10:02:41Z ERR  BrokerServer] System.Threading.Tasks.TaskCanceledException: The operation was canceled.
 ---> System.IO.IOException: Unable to read data from the transport connection: The I/O operation has been aborted because of either a thread exit or an application request..
 ---> System.Net.Sockets.SocketException (995): The I/O operation has been aborted because of either a thread exit or an application request.
   --- End of inner exception stack trace ---
   at System.Net.Sockets.Socket.AwaitableSocketAsyncEventArgs.System.Threading.Tasks.Sources.IValueTaskSource<System.Int32>.GetResult(Int16 token)
   at System.Net.Security.SslStream.EnsureFullTlsFrameAsync[TIOAdapter](CancellationToken cancellationToken, Int32 estimatedSize)
   at System.Runtime.CompilerServices.PoolingAsyncValueTaskMethodBuilder`1.StateMachineBox`1.System.Threading.Tasks.Sources.IValueTaskSource<TResult>.GetResult(Int16 token)
   at System.Net.Security.SslStream.ReadAsyncInternal[TIOAdapter](Memory`1 buffer, CancellationToken cancellationToken)
   at System.Runtime.CompilerServices.PoolingAsyncValueTaskMethodBuilder`1.StateMachineBox`1.System.Threading.Tasks.Sources.IValueTaskSource<TResult>.GetResult(Int16 token)
   at System.Net.Http.HttpConnection.InitialFillAsync(Boolean async)
   at System.Net.Http.HttpConnection.SendAsync(HttpRequestMessage request, Boolean async, CancellationToken cancellationToken)
   --- End of inner exception stack trace ---
   at System.Net.Http.HttpConnection.SendAsync(HttpRequestMessage request, Boolean async, CancellationToken cancellationToken)
   at System.Net.Http.AuthenticationHelper.SendWithNtAuthAsync(HttpRequestMessage request, Uri authUri, Boolean async, ICredentials credentials, Boolean isProxyAuth, HttpConnection connection, HttpConnectionPool connectionPool, CancellationToken cancellationToken)
   at System.Net.Http.HttpConnectionPool.SendWithVersionDetectionAndRetryAsync(HttpRequestMessage request, Boolean async, Boolean doRequestAuth, CancellationToken cancellationToken)
   at System.Net.Http.AuthenticationHelper.SendWithAuthAsync(HttpRequestMessage request, Uri authUri, Boolean async, ICredentials credentials, Boolean preAuthenticate, Boolean isProxyAuth, Boolean doRequestAuth, HttpConnectionPool pool, CancellationToken cancellationToken)
   at System.Net.Http.RedirectHandler.SendAsync(HttpRequestMessage request, Boolean async, CancellationToken cancellationToken)
   at GitHub.Services.Common.RawHttpMessageHandler.SendAsync(HttpRequestMessage request, CancellationToken cancellationToken)
[2026-07-08 10:02:41Z ERR  BrokerServer] #####################################################
[2026-07-08 10:02:41Z ERR  BrokerServer] System.IO.IOException: Unable to read data from the transport connection: The I/O operation has been aborted because of either a thread exit or an application request..
 ---> System.Net.Sockets.SocketException (995): The I/O operation has been aborted because of either a thread exit or an application request.
   --- End of inner exception stack trace ---
   at System.Net.Sockets.Socket.AwaitableSocketAsyncEventArgs.System.Threading.Tasks.Sources.IValueTaskSource<System.Int32>.GetResult(Int16 token)
   at System.Net.Security.SslStream.EnsureFullTlsFrameAsync[TIOAdapter](CancellationToken cancellationToken, Int32 estimatedSize)
   at System.Runtime.CompilerServices.PoolingAsyncValueTaskMethodBuilder`1.StateMachineBox`1.System.Threading.Tasks.Sources.IValueTaskSource<TResult>.GetResult(Int16 token)
   at System.Net.Security.SslStream.ReadAsyncInternal[TIOAdapter](Memory`1 buffer, CancellationToken cancellationToken)
   at System.Runtime.CompilerServices.PoolingAsyncValueTaskMethodBuilder`1.StateMachineBox`1.System.Threading.Tasks.Sources.IValueTaskSource<TResult>.GetResult(Int16 token)
   at System.Net.Http.HttpConnection.InitialFillAsync(Boolean async)
   at System.Net.Http.HttpConnection.SendAsync(HttpRequestMessage request, Boolean async, CancellationToken cancellationToken)
[2026-07-08 10:02:41Z ERR  BrokerServer] #####################################################
[2026-07-08 10:02:41Z ERR  BrokerServer] System.Net.Sockets.SocketException (995): The I/O operation has been aborted because of either a thread exit or an application request.
[2026-07-08 10:02:41Z WARN BrokerServer] Back off 6.872 seconds before next retry. 4 attempt left.
[2026-07-08 10:19:02Z WARN GitHubActionsService] Attempt 1 of GET request to https://broker.actions.githubusercontent.com/message?sessionId=fd0ecac5-6bc3-45ef-a5a7-9743a6df43e8&status=Online&runnerVersion=2.335.1&os=Windows&architecture=X64&disableUpdate=false failed (Socket Error: ConnectionReset). The operation will be retried in 11.172 seconds.
[2026-07-08 10:53:02Z WARN GitHubActionsService] Attempt 2 of GET request to https://broker.actions.githubusercontent.com/message?sessionId=fd0ecac5-6bc3-45ef-a5a7-9743a6df43e8&status=Online&runnerVersion=2.335.1&os=Windows&architecture=X64&disableUpdate=false failed (Socket Error: HostNotFound). The operation will be retried in 12.529 seconds.
[2026-07-08 12:08:01Z INFO RSAEncryptedFileKeyManager] Loading RSA key parameters from file C:\Users\Hp\Desktop\pg-cicd-demo\actions-runner\.credentials_rsaparams
[2026-07-08 12:08:02Z INFO GitHubActionsService] AAD Correlation ID for this token request: Unknown
[2026-07-08 12:15:48Z INFO BrokerMessageListener] Acknowledging runner request '45e1f6b8-ece4-51f7-b536-fdbc9939509a'.
[2026-07-08 12:15:48Z INFO ConfigurationStore] HasCredentials()
[2026-07-08 12:15:48Z INFO ConfigurationStore] stored True
[2026-07-08 12:15:48Z INFO CredentialManager] GetCredentialProvider
[2026-07-08 12:15:48Z INFO CredentialManager] Creating type OAuth
[2026-07-08 12:15:48Z INFO CredentialManager] Creating credential type: OAuth
[2026-07-08 12:15:48Z INFO RSAEncryptedFileKeyManager] Loading RSA key parameters from file C:\Users\Hp\Desktop\pg-cicd-demo\actions-runner\.credentials_rsaparams
[2026-07-08 12:15:48Z INFO RSAEncryptedFileKeyManager] Loading RSA key parameters from file C:\Users\Hp\Desktop\pg-cicd-demo\actions-runner\.credentials_rsaparams
[2026-07-08 12:15:48Z INFO RSAEncryptedFileKeyManager] Loading RSA key parameters from file C:\Users\Hp\Desktop\pg-cicd-demo\actions-runner\.credentials_rsaparams
[2026-07-08 12:15:49Z INFO GitHubActionsService] AAD Correlation ID for this token request: Unknown
[2026-07-08 12:15:51Z INFO JobDispatcher] Job request 0 for plan 152451ce-3406-483c-ae84-25138ae260cb job 45e1f6b8-ece4-51f7-b536-fdbc9939509a received.
[2026-07-08 12:15:51Z INFO JobDispatcher] Pull OrchestrationId 152451ce-3406-483c-ae84-25138ae260cb.deploy-db.__default from JWT claims
[2026-07-08 12:15:51Z INFO BrokerMessageListener] Received job status event. JobState: Busy
[2026-07-08 12:15:51Z INFO BrokerMessageListener] _getMessagesTokenSource is already disposed.
[2026-07-08 12:15:51Z INFO JobDispatcher] Job request 453de308-b8a2-55bb-bb7f-5703a18ad761 processed succeed.
[2026-07-08 12:15:51Z INFO Terminal] WRITE LINE: 2026-07-08 12:15:51Z: Running job: deploy-db
[2026-07-08 12:15:51Z INFO JobDispatcher] Start renew job request 0 for job 45e1f6b8-ece4-51f7-b536-fdbc9939509a.
[2026-07-08 12:15:52Z INFO JobDispatcher] Successfully renew job 45e1f6b8-ece4-51f7-b536-fdbc9939509a, job is valid till 7/8/2026 12:25:51 PM
[2026-07-08 12:15:52Z INFO HostContext] Well known directory 'Bin': 'C:\Users\Hp\Desktop\pg-cicd-demo\actions-runner\bin'
[2026-07-08 12:15:52Z INFO ProcessInvokerWrapper] Starting process:
[2026-07-08 12:15:52Z INFO ProcessInvokerWrapper]   File name: 'C:\Users\Hp\Desktop\pg-cicd-demo\actions-runner\bin\Runner.Worker.exe'
[2026-07-08 12:15:52Z INFO ProcessInvokerWrapper]   Arguments: 'spawnclient 1464 1480'
[2026-07-08 12:15:52Z INFO ProcessInvokerWrapper]   Working directory: 'C:\Users\Hp\Desktop\pg-cicd-demo\actions-runner\bin'
[2026-07-08 12:15:52Z INFO ProcessInvokerWrapper]   Require exit code zero: 'False'
[2026-07-08 12:15:52Z INFO ProcessInvokerWrapper]   Encoding web name:  ; code page: ''
[2026-07-08 12:15:52Z INFO ProcessInvokerWrapper]   Force kill process on cancellation: 'True'
[2026-07-08 12:15:52Z INFO ProcessInvokerWrapper]   Redirected STDIN: 'False'
[2026-07-08 12:15:52Z INFO ProcessInvokerWrapper]   Persist current code page: 'False'
[2026-07-08 12:15:52Z INFO ProcessInvokerWrapper]   Keep redirected STDIN open: 'False'
[2026-07-08 12:15:52Z INFO ProcessInvokerWrapper]   High priority process: 'True'
[2026-07-08 12:15:52Z INFO ProcessInvokerWrapper] Process started with process id 28932, waiting for process exit.
[2026-07-08 12:15:52Z INFO JobDispatcher] Send job request message to worker for job 45e1f6b8-ece4-51f7-b536-fdbc9939509a.
[2026-07-08 12:15:52Z INFO ProcessChannel] Sending message of length 24330, with hash '12e5fe08a9a237084f36dcb6b9985e95918e41e25ae1c8fbd8201c08e0284e91'
[2026-07-08 12:15:53Z INFO JobNotification] Entering JobStarted Notification
[2026-07-08 12:15:53Z INFO JobNotification] Entering StartMonitor
[2026-07-08 12:16:15Z INFO ProcessInvokerWrapper] STDOUT/STDERR stream read finished.
[2026-07-08 12:16:15Z INFO ProcessInvokerWrapper] STDOUT/STDERR stream read finished.
[2026-07-08 12:16:15Z INFO ProcessInvokerWrapper] Finished process 28932 with exit code 100, and elapsed time 00:00:22.5947918.
[2026-07-08 12:16:15Z INFO JobDispatcher] Worker finished for job 45e1f6b8-ece4-51f7-b536-fdbc9939509a. Code: 100
[2026-07-08 12:16:15Z INFO JobDispatcher] finish job request for job 45e1f6b8-ece4-51f7-b536-fdbc9939509a with result: Succeeded
[2026-07-08 12:16:15Z INFO Terminal] WRITE LINE: 2026-07-08 12:16:15Z: Job deploy-db completed with result: Succeeded
[2026-07-08 12:16:15Z INFO JobDispatcher] Stop renew job request for job 45e1f6b8-ece4-51f7-b536-fdbc9939509a.
[2026-07-08 12:16:15Z INFO JobDispatcher] job renew has been cancelled, stop renew job 45e1f6b8-ece4-51f7-b536-fdbc9939509a.
[2026-07-08 12:16:15Z INFO JobNotification] Entering JobCompleted Notification
[2026-07-08 12:16:15Z INFO JobNotification] Entering EndMonitor
[2026-07-08 12:16:15Z INFO BrokerMessageListener] Received job status event. JobState: Online
[2026-07-08 12:16:15Z WARN GitHubActionsService] GET request to https://broker.actions.githubusercontent.com/message?sessionId=fd0ecac5-6bc3-45ef-a5a7-9743a6df43e8&status=Busy&runnerVersion=2.335.1&os=Windows&architecture=X64&disableUpdate=false has been cancelled.
[2026-07-08 12:16:15Z ERR  BrokerServer] Catch exception during request
[2026-07-08 12:16:15Z ERR  BrokerServer] System.Threading.Tasks.TaskCanceledException: The operation was canceled.
 ---> System.Threading.Tasks.TaskCanceledException: The operation was canceled.
 ---> System.IO.IOException: Unable to read data from the transport connection: The I/O operation has been aborted because of either a thread exit or an application request..
 ---> System.Net.Sockets.SocketException (995): The I/O operation has been aborted because of either a thread exit or an application request.
   --- End of inner exception stack trace ---
   at System.Net.Sockets.Socket.AwaitableSocketAsyncEventArgs.System.Threading.Tasks.Sources.IValueTaskSource<System.Int32>.GetResult(Int16 token)
   at System.Net.Security.SslStream.EnsureFullTlsFrameAsync[TIOAdapter](CancellationToken cancellationToken, Int32 estimatedSize)
   at System.Runtime.CompilerServices.PoolingAsyncValueTaskMethodBuilder`1.StateMachineBox`1.System.Threading.Tasks.Sources.IValueTaskSource<TResult>.GetResult(Int16 token)
   at System.Net.Security.SslStream.ReadAsyncInternal[TIOAdapter](Memory`1 buffer, CancellationToken cancellationToken)
   at System.Runtime.CompilerServices.PoolingAsyncValueTaskMethodBuilder`1.StateMachineBox`1.System.Threading.Tasks.Sources.IValueTaskSource<TResult>.GetResult(Int16 token)
   at System.Net.Http.HttpConnection.SendAsync(HttpRequestMessage request, Boolean async, CancellationToken cancellationToken)
   --- End of inner exception stack trace ---
   at System.Net.Http.HttpConnection.SendAsync(HttpRequestMessage request, Boolean async, CancellationToken cancellationToken)
   at System.Net.Http.AuthenticationHelper.SendWithNtAuthAsync(HttpRequestMessage request, Uri authUri, Boolean async, ICredentials credentials, Boolean isProxyAuth, HttpConnection connection, HttpConnectionPool connectionPool, CancellationToken cancellationToken)
   at System.Net.Http.HttpConnectionPool.SendWithVersionDetectionAndRetryAsync(HttpRequestMessage request, Boolean async, Boolean doRequestAuth, CancellationToken cancellationToken)
   at System.Net.Http.AuthenticationHelper.SendWithAuthAsync(HttpRequestMessage request, Uri authUri, Boolean async, ICredentials credentials, Boolean preAuthenticate, Boolean isProxyAuth, Boolean doRequestAuth, HttpConnectionPool pool, CancellationToken cancellationToken)
   at System.Net.Http.RedirectHandler.SendAsync(HttpRequestMessage request, Boolean async, CancellationToken cancellationToken)
   at GitHub.Services.Common.RawHttpMessageHandler.SendAsync(HttpRequestMessage request, CancellationToken cancellationToken)
   at GitHub.Services.Common.VssHttpRetryMessageHandler.SendAsync(HttpRequestMessage request, CancellationToken cancellationToken)
   at System.Net.Http.HttpClient.<SendAsync>g__Core|83_0(HttpRequestMessage request, HttpCompletionOption completionOption, CancellationTokenSource cts, Boolean disposeCts, CancellationTokenSource pendingRequestsCts, CancellationToken originalCancellationToken)
   --- End of inner exception stack trace ---
   at System.Net.Http.HttpClient.HandleFailure(Exception e, Boolean telemetryStarted, HttpResponseMessage response, CancellationTokenSource cts, CancellationToken cancellationToken, CancellationTokenSource pendingRequestsCts)
   at System.Net.Http.HttpClient.<SendAsync>g__Core|83_0(HttpRequestMessage request, HttpCompletionOption completionOption, CancellationTokenSource cts, Boolean disposeCts, CancellationTokenSource pendingRequestsCts, CancellationToken originalCancellationToken)
   at Sdk.WebApi.WebApi.RawHttpClientBase.SendAsync(HttpRequestMessage message, HttpCompletionOption completionOption, Object userState, CancellationToken cancellationToken)
   at Sdk.WebApi.WebApi.RawHttpClientBase.SendAsync[T](HttpRequestMessage message, Boolean readErrorBody, Object userState, CancellationToken cancellationToken)
   at Sdk.WebApi.WebApi.RawHttpClientBase.SendAsync[T](HttpMethod method, IEnumerable`1 additionalHeaders, Uri requestUri, HttpContent content, IEnumerable`1 queryParameters, Boolean readErrorBody, Object userState, CancellationToken cancellationToken)
   at GitHub.Actions.RunService.WebApi.BrokerHttpClient.GetRunnerMessageAsync(Nullable`1 sessionId, String runnerVersion, Nullable`1 status, String os, String architecture, Nullable`1 disableUpdate, CancellationToken cancellationToken)
   at GitHub.Runner.Common.BrokerServer.<>c__DisplayClass7_0.<<GetRunnerMessageAsync>b__0>d.MoveNext()
--- End of stack trace from previous location ---
   at GitHub.Runner.Common.RunnerService.RetryRequest[T](Func`1 func, CancellationToken cancellationToken, Int32 maxAttempts, Func`2 shouldRetry)
[2026-07-08 12:16:15Z ERR  BrokerServer] #####################################################
[2026-07-08 12:16:15Z ERR  BrokerServer] System.Threading.Tasks.TaskCanceledException: The operation was canceled.
 ---> System.IO.IOException: Unable to read data from the transport connection: The I/O operation has been aborted because of either a thread exit or an application request..
 ---> System.Net.Sockets.SocketException (995): The I/O operation has been aborted because of either a thread exit or an application request.
   --- End of inner exception stack trace ---
   at System.Net.Sockets.Socket.AwaitableSocketAsyncEventArgs.System.Threading.Tasks.Sources.IValueTaskSource<System.Int32>.GetResult(Int16 token)
   at System.Net.Security.SslStream.EnsureFullTlsFrameAsync[TIOAdapter](CancellationToken cancellationToken, Int32 estimatedSize)
   at System.Runtime.CompilerServices.PoolingAsyncValueTaskMethodBuilder`1.StateMachineBox`1.System.Threading.Tasks.Sources.IValueTaskSource<TResult>.GetResult(Int16 token)
   at System.Net.Security.SslStream.ReadAsyncInternal[TIOAdapter](Memory`1 buffer, CancellationToken cancellationToken)
   at System.Runtime.CompilerServices.PoolingAsyncValueTaskMethodBuilder`1.StateMachineBox`1.System.Threading.Tasks.Sources.IValueTaskSource<TResult>.GetResult(Int16 token)
   at System.Net.Http.HttpConnection.SendAsync(HttpRequestMessage request, Boolean async, CancellationToken cancellationToken)
   --- End of inner exception stack trace ---
   at System.Net.Http.HttpConnection.SendAsync(HttpRequestMessage request, Boolean async, CancellationToken cancellationToken)
   at System.Net.Http.AuthenticationHelper.SendWithNtAuthAsync(HttpRequestMessage request, Uri authUri, Boolean async, ICredentials credentials, Boolean isProxyAuth, HttpConnection connection, HttpConnectionPool connectionPool, CancellationToken cancellationToken)
   at System.Net.Http.HttpConnectionPool.SendWithVersionDetectionAndRetryAsync(HttpRequestMessage request, Boolean async, Boolean doRequestAuth, CancellationToken cancellationToken)
   at System.Net.Http.AuthenticationHelper.SendWithAuthAsync(HttpRequestMessage request, Uri authUri, Boolean async, ICredentials credentials, Boolean preAuthenticate, Boolean isProxyAuth, Boolean doRequestAuth, HttpConnectionPool pool, CancellationToken cancellationToken)
   at System.Net.Http.RedirectHandler.SendAsync(HttpRequestMessage request, Boolean async, CancellationToken cancellationToken)
   at GitHub.Services.Common.RawHttpMessageHandler.SendAsync(HttpRequestMessage request, CancellationToken cancellationToken)
   at GitHub.Services.Common.VssHttpRetryMessageHandler.SendAsync(HttpRequestMessage request, CancellationToken cancellationToken)
   at System.Net.Http.HttpClient.<SendAsync>g__Core|83_0(HttpRequestMessage request, HttpCompletionOption completionOption, CancellationTokenSource cts, Boolean disposeCts, CancellationTokenSource pendingRequestsCts, CancellationToken originalCancellationToken)
[2026-07-08 12:16:15Z ERR  BrokerServer] #####################################################
[2026-07-08 12:16:15Z ERR  BrokerServer] System.IO.IOException: Unable to read data from the transport connection: The I/O operation has been aborted because of either a thread exit or an application request..
 ---> System.Net.Sockets.SocketException (995): The I/O operation has been aborted because of either a thread exit or an application request.
   --- End of inner exception stack trace ---
   at System.Net.Sockets.Socket.AwaitableSocketAsyncEventArgs.System.Threading.Tasks.Sources.IValueTaskSource<System.Int32>.GetResult(Int16 token)
   at System.Net.Security.SslStream.EnsureFullTlsFrameAsync[TIOAdapter](CancellationToken cancellationToken, Int32 estimatedSize)
   at System.Runtime.CompilerServices.PoolingAsyncValueTaskMethodBuilder`1.StateMachineBox`1.System.Threading.Tasks.Sources.IValueTaskSource<TResult>.GetResult(Int16 token)
   at System.Net.Security.SslStream.ReadAsyncInternal[TIOAdapter](Memory`1 buffer, CancellationToken cancellationToken)
   at System.Runtime.CompilerServices.PoolingAsyncValueTaskMethodBuilder`1.StateMachineBox`1.System.Threading.Tasks.Sources.IValueTaskSource<TResult>.GetResult(Int16 token)
   at System.Net.Http.HttpConnection.SendAsync(HttpRequestMessage request, Boolean async, CancellationToken cancellationToken)
[2026-07-08 12:16:15Z ERR  BrokerServer] #####################################################
[2026-07-08 12:16:15Z ERR  BrokerServer] System.Net.Sockets.SocketException (995): The I/O operation has been aborted because of either a thread exit or an application request.
[2026-07-08 12:16:15Z WARN BrokerServer] Back off 12.507 seconds before next retry. 4 attempt left.
[2026-07-08 12:16:15Z INFO BrokerMessageListener] Get messages has been cancelled using local token source. Continue to get messages with new status.
